Create main folder with name=/
Create folder with name=fcqv, in parent=/
Add folder with name=fcqv in parent=/
Create folder with name=fcv, in parent=/
Add folder with name=fcv in parent=/
Create file with name=hdpgfcwd, of size=72939 in parent=/
Add file with name=hdpgfcwd, of size=72939 in parent=/
Create file with name=jlncjqh.csz, of size=236918 in parent=/
Add file with name=jlncjqh.csz, of size=236918 in parent=/
Create folder with name=jvwfwrg, in parent=/
Add folder with name=jvwfwrg in parent=/
Create folder with name=tzwpllhq, in parent=/
Add folder with name=tzwpllhq in parent=/
Create folder with name=vglf, in parent=/
Add folder with name=vglf in parent=/
Create file with name=wzljr.zvp, of size=28586 in parent=/
Add file with name=wzljr.zvp, of size=28586 in parent=/
Create folder with name=fhg, in parent=fcqv
Add folder with name=fhg in parent=fcqv
Create file with name=qldfrhm.qnr, of size=277152 in parent=fcqv
Add file with name=qldfrhm.qnr, of size=277152 in parent=fcqv
Create file with name=qsd, of size=269351 in parent=fcqv
Add file with name=qsd, of size=269351 in parent=fcqv
Create folder with name=thbb, in parent=fcqv
Add folder with name=thbb in parent=fcqv
Create folder with name=jljrdvw, in parent=fhg
Add folder with name=jljrdvw in parent=fhg
Create file with name=vsvgjg.tpn, of size=101940 in parent=jljrdvw
Add file with name=vsvgjg.tpn, of size=101940 in parent=jljrdvw
Create file with name=cchngzcc.lcd, of size=144311 in parent=thbb
Add file with name=cchngzcc.lcd, of size=144311 in parent=thbb
Create file with name=fbsj.wtl, of size=178246 in parent=thbb
Add file with name=fbsj.wtl, of size=178246 in parent=thbb
Create file with name=gfsqtssb.vtg, of size=48521 in parent=thbb
Add file with name=gfsqtssb.vtg, of size=48521 in parent=thbb
Create file with name=jwl.hll, of size=284713 in parent=thbb
Add file with name=jwl.hll, of size=284713 in parent=thbb
Create file with name=wdqqqv.pcr, of size=96717 in parent=thbb
Add file with name=wdqqqv.pcr, of size=96717 in parent=thbb
Create folder with name=ffhwwg, in parent=fcv
Add folder with name=ffhwwg in parent=fcv
Create file with name=fprcz.hrd, of size=275505 in parent=fcv
Add file with name=fprcz.hrd, of size=275505 in parent=fcv
Create file with name=jwn, of size=179689 in parent=fcv
Add file with name=jwn, of size=179689 in parent=fcv
Create file with name=tfnws.drt, of size=69265 in parent=fcv
Add file with name=tfnws.drt, of size=69265 in parent=fcv
Create file with name=twvt.dbs, of size=38365 in parent=fcv
Add file with name=twvt.dbs, of size=38365 in parent=fcv
Create folder with name=vcqsrw, in parent=fcv
Add folder with name=vcqsrw in parent=fcv
Create file with name=zldbq, of size=247592 in parent=fcv
Add file with name=zldbq, of size=247592 in parent=fcv
Create folder with name=znzpm, in parent=fcv
Add folder with name=znzpm in parent=fcv
Create folder with name=hlqf, in parent=ffhwwg
Add folder with name=hlqf in parent=ffhwwg
Create file with name=vrdbrwp.dss, of size=30443 in parent=hlqf
Add file with name=vrdbrwp.dss, of size=30443 in parent=hlqf
Create folder with name=bzlnsjmv, in parent=vcqsrw
Add folder with name=bzlnsjmv in parent=vcqsrw
Create folder with name=rvbtnz, in parent=vcqsrw
Add folder with name=rvbtnz in parent=vcqsrw
Create file with name=slr, of size=224487 in parent=vcqsrw
Add file with name=slr, of size=224487 in parent=vcqsrw
Create file with name=vrdbrwp.dss, of size=255340 in parent=vcqsrw
Add file with name=vrdbrwp.dss, of size=255340 in parent=vcqsrw
Create file with name=qwqlzvzv, of size=272548 in parent=bzlnsjmv
Add file with name=qwqlzvzv, of size=272548 in parent=bzlnsjmv
Create file with name=jwl.lhn, of size=165670 in parent=rvbtnz
Add file with name=jwl.lhn, of size=165670 in parent=rvbtnz
Create folder with name=mjwnsw, in parent=znzpm
Add folder with name=mjwnsw in parent=znzpm
Create file with name=bzcb, of size=219638 in parent=mjwnsw
Add file with name=bzcb, of size=219638 in parent=mjwnsw
Create folder with name=ffhwwg, in parent=jvwfwrg
Add folder with name=ffhwwg in parent=jvwfwrg
Create file with name=hmphb.qvq, of size=42104 in parent=jvwfwrg
Add file with name=hmphb.qvq, of size=42104 in parent=jvwfwrg
Create folder with name=hzjpg, in parent=jvwfwrg
Add folder with name=hzjpg in parent=jvwfwrg
Create folder with name=jwl, in parent=jvwfwrg
Add folder with name=jwl in parent=jvwfwrg
Create folder with name=nmz, in parent=jvwfwrg
Add folder with name=nmz in parent=jvwfwrg
Create file with name=qldfrhm.rws, of size=243217 in parent=jvwfwrg
Add file with name=qldfrhm.rws, of size=243217 in parent=jvwfwrg
Create folder with name=tdjtv, in parent=jvwfwrg
Add folder with name=tdjtv in parent=jvwfwrg
Create folder with name=wdn, in parent=jvwfwrg
Add folder with name=wdn in parent=jvwfwrg
Create file with name=hcbf.dhw, of size=179995 in parent=ffhwwg
Add file with name=hcbf.dhw, of size=179995 in parent=ffhwwg
Create file with name=lgssjp.mnl, of size=176263 in parent=ffhwwg
Add file with name=lgssjp.mnl, of size=176263 in parent=ffhwwg
Create file with name=ddlcslcs.zjh, of size=241535 in parent=hzjpg
Add file with name=ddlcslcs.zjh, of size=241535 in parent=hzjpg
Create folder with name=ddrwfq, in parent=hzjpg
Add folder with name=ddrwfq in parent=hzjpg
Create folder with name=mqwww, in parent=hzjpg
Add folder with name=mqwww in parent=hzjpg
Create file with name=qwqlzvzv, of size=29329 in parent=hzjpg
Add file with name=qwqlzvzv, of size=29329 in parent=hzjpg
Create file with name=vrdbrwp.dss, of size=91380 in parent=hzjpg
Add file with name=vrdbrwp.dss, of size=91380 in parent=hzjpg
Create folder with name=wctwz, in parent=hzjpg
Add folder with name=wctwz in parent=hzjpg
Create file with name=wdqqqv.pcr, of size=210633 in parent=hzjpg
Add file with name=wdqqqv.pcr, of size=210633 in parent=hzjpg
Create folder with name=wlrmbtdg, in parent=hzjpg
Add folder with name=wlrmbtdg in parent=hzjpg
Create file with name=zldbq, of size=172051 in parent=hzjpg
Add file with name=zldbq, of size=172051 in parent=hzjpg
Create file with name=ffhwwg, of size=11756 in parent=ddrwfq
Add file with name=ffhwwg, of size=11756 in parent=ddrwfq
Create file with name=wlfmbv.cgp, of size=149750 in parent=mqwww
Add file with name=wlfmbv.cgp, of size=149750 in parent=mqwww
Create file with name=qldfrhm.bph, of size=277720 in parent=wctwz
Add file with name=qldfrhm.bph, of size=277720 in parent=wctwz
Create file with name=ffhwwg, of size=14154 in parent=wlrmbtdg
Add file with name=ffhwwg, of size=14154 in parent=wlrmbtdg
Create folder with name=hgdjv, in parent=wlrmbtdg
Add folder with name=hgdjv in parent=wlrmbtdg
Create folder with name=qldfrhm, in parent=wlrmbtdg
Add folder with name=qldfrhm in parent=wlrmbtdg
Create file with name=qwqlzvzv, of size=48920 in parent=wlrmbtdg
Add file with name=qwqlzvzv, of size=48920 in parent=wlrmbtdg
Create file with name=wdqqqv.pcr, of size=101228 in parent=wlrmbtdg
Add file with name=wdqqqv.pcr, of size=101228 in parent=wlrmbtdg
Create file with name=zldbq, of size=159676 in parent=wlrmbtdg
Add file with name=zldbq, of size=159676 in parent=wlrmbtdg
Create folder with name=hlw, in parent=hgdjv
Add folder with name=hlw in parent=hgdjv
Create file with name=cdzwfzww.wcv, of size=229687 in parent=hlw
Add file with name=cdzwfzww.wcv, of size=229687 in parent=hlw
Create file with name=nfbp.gcg, of size=254189 in parent=qldfrhm
Add file with name=nfbp.gcg, of size=254189 in parent=qldfrhm
Create file with name=drtw, of size=277778 in parent=jwl
Add file with name=drtw, of size=277778 in parent=jwl
Create folder with name=ghgf, in parent=jwl
Add folder with name=ghgf in parent=jwl
Create folder with name=gqlmq, in parent=jwl
Add folder with name=gqlmq in parent=jwl
Create file with name=jwl.pmm, of size=163875 in parent=jwl
Add file with name=jwl.pmm, of size=163875 in parent=jwl
Create folder with name=mjm, in parent=jwl
Add folder with name=mjm in parent=jwl
Create folder with name=qgq, in parent=jwl
Add folder with name=qgq in parent=jwl
Create file with name=zsgjptrm.thf, of size=181540 in parent=ghgf
Add file with name=zsgjptrm.thf, of size=181540 in parent=ghgf
Create folder with name=ffhwwg, in parent=gqlmq
Add folder with name=ffhwwg in parent=gqlmq
Create file with name=hzpwn, of size=283989 in parent=gqlmq
Add file with name=hzpwn, of size=283989 in parent=gqlmq
Create folder with name=jwl, in parent=gqlmq
Add folder with name=jwl in parent=gqlmq
Create folder with name=pqdqntr, in parent=gqlmq
Add folder with name=pqdqntr in parent=gqlmq
Create file with name=vrdbrwp.dss, of size=62581 in parent=gqlmq
Add file with name=vrdbrwp.dss, of size=62581 in parent=gqlmq
Create file with name=qwqlzvzv, of size=242533 in parent=ffhwwg
Add file with name=qwqlzvzv, of size=242533 in parent=ffhwwg
Create file with name=wdqqqv.pcr, of size=21991 in parent=ffhwwg
Add file with name=wdqqqv.pcr, of size=21991 in parent=ffhwwg
Create file with name=jfgbmb.qsd, of size=179926 in parent=jwl
Add file with name=jfgbmb.qsd, of size=179926 in parent=jwl
Create folder with name=zjv, in parent=jwl
Add folder with name=zjv in parent=jwl
Create file with name=ffhwwg.hrt, of size=102693 in parent=zjv
Add file with name=ffhwwg.hrt, of size=102693 in parent=zjv
Create file with name=nqwcsdmv, of size=159376 in parent=pqdqntr
Add file with name=nqwcsdmv, of size=159376 in parent=pqdqntr
Create file with name=hdbmpnfv, of size=273410 in parent=mjm
Add file with name=hdbmpnfv, of size=273410 in parent=mjm
Create file with name=qwqlzvzv, of size=8169 in parent=mjm
Add file with name=qwqlzvzv, of size=8169 in parent=mjm
Create file with name=tfgq.vbt, of size=87728 in parent=mjm
Add file with name=tfgq.vbt, of size=87728 in parent=mjm
Create file with name=vrdbrwp.dss, of size=221237 in parent=mjm
Add file with name=vrdbrwp.dss, of size=221237 in parent=mjm
Create folder with name=dgq, in parent=qgq
Add folder with name=dgq in parent=qgq
Create folder with name=hlw, in parent=qgq
Add folder with name=hlw in parent=qgq
Create file with name=jvwfwrg, of size=164971 in parent=qgq
Add file with name=jvwfwrg, of size=164971 in parent=qgq
Create folder with name=jwl, in parent=qgq
Add folder with name=jwl in parent=qgq
Create file with name=qftjvcz.pfv, of size=158534 in parent=qgq
Add file with name=qftjvcz.pfv, of size=158534 in parent=qgq
Create file with name=qzzpmh, of size=251561 in parent=qgq
Add file with name=qzzpmh, of size=251561 in parent=qgq
Create file with name=wsz, of size=282035 in parent=qgq
Add file with name=wsz, of size=282035 in parent=qgq
Create folder with name=ffhwwg, in parent=dgq
Add folder with name=ffhwwg in parent=dgq
Create file with name=nfqzn, of size=237291 in parent=dgq
Add file with name=nfqzn, of size=237291 in parent=dgq
Create file with name=qfnrvmp.vbb, of size=70142 in parent=dgq
Add file with name=qfnrvmp.vbb, of size=70142 in parent=dgq
Create file with name=zldbq, of size=55607 in parent=dgq
Add file with name=zldbq, of size=55607 in parent=dgq
Create file with name=sqhrdmd.thc, of size=117790 in parent=ffhwwg
Add file with name=sqhrdmd.thc, of size=117790 in parent=ffhwwg
Create file with name=tfctr.scc, of size=186465 in parent=ffhwwg
Add file with name=tfctr.scc, of size=186465 in parent=ffhwwg
Create file with name=wdqqqv.pcr, of size=236863 in parent=ffhwwg
Add file with name=wdqqqv.pcr, of size=236863 in parent=ffhwwg
Create file with name=wrnplfgg.pcw, of size=244567 in parent=hlw
Add file with name=wrnplfgg.pcw, of size=244567 in parent=hlw
Create file with name=lpsg.jjl, of size=105997 in parent=jwl
Add file with name=lpsg.jjl, of size=105997 in parent=jwl
Create file with name=qwqlzvzv, of size=51802 in parent=nmz
Add file with name=qwqlzvzv, of size=51802 in parent=nmz
Create file with name=zldbq, of size=128617 in parent=nmz
Add file with name=zldbq, of size=128617 in parent=nmz
Create folder with name=jvwfwrg, in parent=tdjtv
Add folder with name=jvwfwrg in parent=tdjtv
Create folder with name=mdmwf, in parent=tdjtv
Add folder with name=mdmwf in parent=tdjtv
Create folder with name=rlpbrq, in parent=tdjtv
Add folder with name=rlpbrq in parent=tdjtv
Create file with name=wdqqqv.pcr, of size=35406 in parent=jvwfwrg
Add file with name=wdqqqv.pcr, of size=35406 in parent=jvwfwrg
Create folder with name=ffhwwg, in parent=mdmwf
Add folder with name=ffhwwg in parent=mdmwf
Create file with name=rdpwqw.pfv, of size=15609 in parent=mdmwf
Add file with name=rdpwqw.pfv, of size=15609 in parent=mdmwf
Create file with name=zldbq, of size=205721 in parent=mdmwf
Add file with name=zldbq, of size=205721 in parent=mdmwf
Create file with name=hdcv.cwj, of size=117473 in parent=ffhwwg
Add file with name=hdcv.cwj, of size=117473 in parent=ffhwwg
Create file with name=dgddvmt.fnv, of size=120058 in parent=rlpbrq
Add file with name=dgddvmt.fnv, of size=120058 in parent=rlpbrq
Create file with name=ffhwwg, of size=194704 in parent=rlpbrq
Add file with name=ffhwwg, of size=194704 in parent=rlpbrq
Create file with name=qwqlzvzv, of size=256467 in parent=rlpbrq
Add file with name=qwqlzvzv, of size=256467 in parent=rlpbrq
Create file with name=bzqsnv, of size=170094 in parent=wdn
Add file with name=bzqsnv, of size=170094 in parent=wdn
Create folder with name=gqmghw, in parent=wdn
Add folder with name=gqmghw in parent=wdn
Create file with name=gwgz.fnf, of size=150252 in parent=wdn
Add file with name=gwgz.fnf, of size=150252 in parent=wdn
Create file with name=jfgbmb.qsd, of size=243953 in parent=wdn
Add file with name=jfgbmb.qsd, of size=243953 in parent=wdn
Create file with name=qwqlzvzv, of size=123382 in parent=wdn
Add file with name=qwqlzvzv, of size=123382 in parent=wdn
Create file with name=wpc.swm, of size=96220 in parent=wdn
Add file with name=wpc.swm, of size=96220 in parent=wdn
Create folder with name=ztqbhjr, in parent=wdn
Add folder with name=ztqbhjr in parent=wdn
Create folder with name=tlgbcrh, in parent=gqmghw
Add folder with name=tlgbcrh in parent=gqmghw
Create file with name=ztjhcrwf.ljf, of size=281457 in parent=tlgbcrh
Add file with name=ztjhcrwf.ljf, of size=281457 in parent=tlgbcrh
Create file with name=jfgbmb.qsd, of size=271212 in parent=ztqbhjr
Add file with name=jfgbmb.qsd, of size=271212 in parent=ztqbhjr
Create folder with name=nbhq, in parent=ztqbhjr
Add folder with name=nbhq in parent=ztqbhjr
Create folder with name=vfmmj, in parent=ztqbhjr
Add folder with name=vfmmj in parent=ztqbhjr
Create file with name=vrdbrwp.dss, of size=260079 in parent=ztqbhjr
Add file with name=vrdbrwp.dss, of size=260079 in parent=ztqbhjr
Create file with name=hlw.hrh, of size=179096 in parent=nbhq
Add file with name=hlw.hrh, of size=179096 in parent=nbhq
Create file with name=wdqqqv.pcr, of size=150184 in parent=nbhq
Add file with name=wdqqqv.pcr, of size=150184 in parent=nbhq
Create file with name=hlw.pfb, of size=57445 in parent=vfmmj
Add file with name=hlw.pfb, of size=57445 in parent=vfmmj
Create file with name=qldfrhm, of size=40329 in parent=vfmmj
Add file with name=qldfrhm, of size=40329 in parent=vfmmj
Create file with name=cmwwd, of size=33596 in parent=tzwpllhq
Add file with name=cmwwd, of size=33596 in parent=tzwpllhq
Create file with name=hlw.jrw, of size=16963 in parent=tzwpllhq
Add file with name=hlw.jrw, of size=16963 in parent=tzwpllhq
Create file with name=hlw.npq, of size=161107 in parent=tzwpllhq
Add file with name=hlw.npq, of size=161107 in parent=tzwpllhq
Create folder with name=jwv, in parent=tzwpllhq
Add folder with name=jwv in parent=tzwpllhq
Create file with name=nqf.jjg, of size=152431 in parent=tzwpllhq
Add file with name=nqf.jjg, of size=152431 in parent=tzwpllhq
Create folder with name=qldfrhm, in parent=tzwpllhq
Add folder with name=qldfrhm in parent=tzwpllhq
Create folder with name=swmwvl, in parent=tzwpllhq
Add folder with name=swmwvl in parent=tzwpllhq
Create folder with name=wzpth, in parent=tzwpllhq
Add folder with name=wzpth in parent=tzwpllhq
Create folder with name=bgswd, in parent=jwv
Add folder with name=bgswd in parent=jwv
Create file with name=hlw, of size=188795 in parent=jwv
Add file with name=hlw, of size=188795 in parent=jwv
Create folder with name=jvwfwrg, in parent=jwv
Add folder with name=jvwfwrg in parent=jwv
Create folder with name=jwl, in parent=jwv
Add folder with name=jwl in parent=jwv
Create folder with name=mbcb, in parent=jwv
Add folder with name=mbcb in parent=jwv
Create folder with name=qldfrhm, in parent=jwv
Add folder with name=qldfrhm in parent=jwv
Create file with name=qwqlzvzv, of size=30173 in parent=jwv
Add file with name=qwqlzvzv, of size=30173 in parent=jwv
Create file with name=zldbq, of size=193577 in parent=jwv
Add file with name=zldbq, of size=193577 in parent=jwv
Create folder with name=hdgt, in parent=bgswd
Add folder with name=hdgt in parent=bgswd
Create file with name=ldbg.dzh, of size=216966 in parent=bgswd
Add file with name=ldbg.dzh, of size=216966 in parent=bgswd
Create file with name=fnv.bpl, of size=70441 in parent=hdgt
Add file with name=fnv.bpl, of size=70441 in parent=hdgt
Create folder with name=mctsws, in parent=jvwfwrg
Add folder with name=mctsws in parent=jvwfwrg
Create file with name=qldfrhm, of size=69374 in parent=jvwfwrg
Add file with name=qldfrhm, of size=69374 in parent=jvwfwrg
Create file with name=qsgvbj, of size=257337 in parent=mctsws
Add file with name=qsgvbj, of size=257337 in parent=mctsws
Create file with name=ffhwwg, of size=161061 in parent=jwl
Add file with name=ffhwwg, of size=161061 in parent=jwl
Create folder with name=fbhhq, in parent=mbcb
Add folder with name=fbhhq in parent=mbcb
Create folder with name=rgjwh, in parent=mbcb
Add folder with name=rgjwh in parent=mbcb
Create folder with name=vnn, in parent=fbhhq
Add folder with name=vnn in parent=fbhhq
Create file with name=cthtjm.wbt, of size=55629 in parent=vnn
Add file with name=cthtjm.wbt, of size=55629 in parent=vnn
Create file with name=wrhpmqd.fvw, of size=7826 in parent=rgjwh
Add file with name=wrhpmqd.fvw, of size=7826 in parent=rgjwh
Create file with name=hlw.lwh, of size=14471 in parent=qldfrhm
Add file with name=hlw.lwh, of size=14471 in parent=qldfrhm
Create file with name=jnpgzcmt, of size=163165 in parent=qldfrhm
Add file with name=jnpgzcmt, of size=163165 in parent=qldfrhm
Create file with name=qwqlzvzv, of size=10880 in parent=qldfrhm
Add file with name=qwqlzvzv, of size=10880 in parent=qldfrhm
Create folder with name=ffhwwg, in parent=qldfrhm
Add folder with name=ffhwwg in parent=qldfrhm
Create folder with name=jwl, in parent=qldfrhm
Add folder with name=jwl in parent=qldfrhm
Create file with name=ldmm, of size=15164 in parent=qldfrhm
Add file with name=ldmm, of size=15164 in parent=qldfrhm
Create file with name=pwg.zsf, of size=188544 in parent=qldfrhm
Add file with name=pwg.zsf, of size=188544 in parent=qldfrhm
Create file with name=qjlggt, of size=255566 in parent=qldfrhm
Add file with name=qjlggt, of size=255566 in parent=qldfrhm
Create folder with name=tbngqwb, in parent=qldfrhm
Add folder with name=tbngqwb in parent=qldfrhm
Create file with name=zldbq, of size=59898 in parent=qldfrhm
Add file with name=zldbq, of size=59898 in parent=qldfrhm
Create file with name=ffhwwg.ztr, of size=218749 in parent=ffhwwg
Add file with name=ffhwwg.ztr, of size=218749 in parent=ffhwwg
Create file with name=cbhtl.frv, of size=40245 in parent=jwl
Add file with name=cbhtl.frv, of size=40245 in parent=jwl
Create file with name=fmwvvg, of size=268818 in parent=jwl
Add file with name=fmwvvg, of size=268818 in parent=jwl
Create file with name=nqp, of size=161866 in parent=jwl
Add file with name=nqp, of size=161866 in parent=jwl
Create folder with name=nsvjcpc, in parent=jwl
Add folder with name=nsvjcpc in parent=jwl
Create folder with name=nwdvblg, in parent=jwl
Add folder with name=nwdvblg in parent=jwl
Create file with name=qldfrhm, of size=171528 in parent=jwl
Add file with name=qldfrhm, of size=171528 in parent=jwl
Create folder with name=qqmb, in parent=jwl
Add folder with name=qqmb in parent=jwl
Create file with name=wdqqqv.pcr, of size=282266 in parent=jwl
Add file with name=wdqqqv.pcr, of size=282266 in parent=jwl
Create file with name=wtnhh.zgw, of size=43660 in parent=nsvjcpc
Add file with name=wtnhh.zgw, of size=43660 in parent=nsvjcpc
Create folder with name=cltj, in parent=nwdvblg
Add folder with name=cltj in parent=nwdvblg
Create folder with name=fds, in parent=nwdvblg
Add folder with name=fds in parent=nwdvblg
Create file with name=dlzsw.whj, of size=86970 in parent=cltj
Add file with name=dlzsw.whj, of size=86970 in parent=cltj
Create file with name=qwqlzvzv, of size=111805 in parent=cltj
Add file with name=qwqlzvzv, of size=111805 in parent=cltj
Create file with name=zldbq, of size=247438 in parent=cltj
Add file with name=zldbq, of size=247438 in parent=cltj
Create file with name=fsrvhv.lhd, of size=49560 in parent=fds
Add file with name=fsrvhv.lhd, of size=49560 in parent=fds
Create file with name=jvwfwrg.pfd, of size=234970 in parent=fds
Add file with name=jvwfwrg.pfd, of size=234970 in parent=fds
Create file with name=qgbmc, of size=133376 in parent=fds
Add file with name=qgbmc, of size=133376 in parent=fds
Create file with name=qzm.jjz, of size=139542 in parent=qqmb
Add file with name=qzm.jjz, of size=139542 in parent=qqmb
Create folder with name=jwl, in parent=tbngqwb
Add folder with name=jwl in parent=tbngqwb
Create file with name=vcfmt.jqv, of size=273706 in parent=tbngqwb
Add file with name=vcfmt.jqv, of size=273706 in parent=tbngqwb
Create file with name=wdqqqv.pcr, of size=76731 in parent=tbngqwb
Add file with name=wdqqqv.pcr, of size=76731 in parent=tbngqwb
Create file with name=ltvvm, of size=45969 in parent=jwl
Add file with name=ltvvm, of size=45969 in parent=jwl
Create file with name=dzn.rnz, of size=32187 in parent=swmwvl
Add file with name=dzn.rnz, of size=32187 in parent=swmwvl
Create folder with name=gsj, in parent=swmwvl
Add folder with name=gsj in parent=swmwvl
Create file with name=jfgbmb.qsd, of size=83763 in parent=swmwvl
Add file with name=jfgbmb.qsd, of size=83763 in parent=swmwvl
Create file with name=vrdbrwp.dss, of size=93113 in parent=swmwvl
Add file with name=vrdbrwp.dss, of size=93113 in parent=swmwvl
Create folder with name=fpzj, in parent=gsj
Add folder with name=fpzj in parent=gsj
Create file with name=wntpsp.tbf, of size=152202 in parent=gsj
Add file with name=wntpsp.tbf, of size=152202 in parent=gsj
Create file with name=btwqdhnf.qwz, of size=83665 in parent=fpzj
Add file with name=btwqdhnf.qwz, of size=83665 in parent=fpzj
Create folder with name=snhss, in parent=wzpth
Add folder with name=snhss in parent=wzpth
Create folder with name=hlw, in parent=snhss
Add folder with name=hlw in parent=snhss
Create file with name=qwqlzvzv, of size=15123 in parent=hlw
Add file with name=qwqlzvzv, of size=15123 in parent=hlw
Create folder with name=gdjmt, in parent=vglf
Add folder with name=gdjmt in parent=vglf
Create folder with name=hnnw, in parent=vglf
Add folder with name=hnnw in parent=vglf
Create folder with name=htqzfcc, in parent=vglf
Add folder with name=htqzfcc in parent=vglf
Create folder with name=nqf, in parent=vglf
Add folder with name=nqf in parent=vglf
Create file with name=qldfrhm, of size=269558 in parent=vglf
Add file with name=qldfrhm, of size=269558 in parent=vglf
Create file with name=rqg.zbf, of size=116732 in parent=vglf
Add file with name=rqg.zbf, of size=116732 in parent=vglf
Create folder with name=tvmqzwmn, in parent=vglf
Add folder with name=tvmqzwmn in parent=vglf
Create file with name=vrdbrwp.dss, of size=72822 in parent=vglf
Add file with name=vrdbrwp.dss, of size=72822 in parent=vglf
Create file with name=jfgbmb.qsd, of size=214742 in parent=gdjmt
Add file with name=jfgbmb.qsd, of size=214742 in parent=gdjmt
Create folder with name=ffhwwg, in parent=hnnw
Add folder with name=ffhwwg in parent=hnnw
Create file with name=jfgbmb.qsd, of size=217384 in parent=hnnw
Add file with name=jfgbmb.qsd, of size=217384 in parent=hnnw
Create file with name=jvwfwrg, of size=153385 in parent=hnnw
Add file with name=jvwfwrg, of size=153385 in parent=hnnw
Create folder with name=jwl, in parent=hnnw
Add folder with name=jwl in parent=hnnw
Create folder with name=shdt, in parent=hnnw
Add folder with name=shdt in parent=hnnw
Create file with name=vrdbrwp.dss, of size=143935 in parent=hnnw
Add file with name=vrdbrwp.dss, of size=143935 in parent=hnnw
Create file with name=zldbq, of size=90319 in parent=hnnw
Add file with name=zldbq, of size=90319 in parent=hnnw
Create file with name=zqvwfhrz.rfz, of size=101043 in parent=hnnw
Add file with name=zqvwfhrz.rfz, of size=101043 in parent=hnnw
Create folder with name=dsqwrdnq, in parent=ffhwwg
Add folder with name=dsqwrdnq in parent=ffhwwg
Create file with name=jvwfwrg.plf, of size=261158 in parent=ffhwwg
Add file with name=jvwfwrg.plf, of size=261158 in parent=ffhwwg
Create file with name=pngjr.rpg, of size=129823 in parent=dsqwrdnq
Add file with name=pngjr.rpg, of size=129823 in parent=dsqwrdnq
Create folder with name=bzq, in parent=jwl
Add folder with name=bzq in parent=jwl
Create file with name=hpqtdllh, of size=215828 in parent=jwl
Add file with name=hpqtdllh, of size=215828 in parent=jwl
Create folder with name=jjmndb, in parent=jwl
Add folder with name=jjmndb in parent=jwl
Create folder with name=pjzqjbd, in parent=jwl
Add folder with name=pjzqjbd in parent=jwl
Create folder with name=pmslv, in parent=jwl
Add folder with name=pmslv in parent=jwl
Create folder with name=smfg, in parent=jwl
Add folder with name=smfg in parent=jwl
Create folder with name=wmjjwh, in parent=jwl
Add folder with name=wmjjwh in parent=jwl
Create file with name=jvwfwrg.tnt, of size=199534 in parent=bzq
Add file with name=jvwfwrg.tnt, of size=199534 in parent=bzq
Create folder with name=cbfdqtc, in parent=jjmndb
Add folder with name=cbfdqtc in parent=jjmndb
Create folder with name=gnjlnz, in parent=jjmndb
Add folder with name=gnjlnz in parent=jjmndb
Create folder with name=hlw, in parent=jjmndb
Add folder with name=hlw in parent=jjmndb
Create file with name=lgdvsvc.wvp, of size=201443 in parent=jjmndb
Add file with name=lgdvsvc.wvp, of size=201443 in parent=jjmndb
Create folder with name=lzlwstch, in parent=jjmndb
Add folder with name=lzlwstch in parent=jjmndb
Create file with name=nlvh.rjc, of size=175514 in parent=jjmndb
Add file with name=nlvh.rjc, of size=175514 in parent=jjmndb
Create folder with name=qldfrhm, in parent=jjmndb
Add folder with name=qldfrhm in parent=jjmndb
Create file with name=qwqlzvzv, of size=144450 in parent=jjmndb
Add file with name=qwqlzvzv, of size=144450 in parent=jjmndb
Create folder with name=ssh, in parent=jjmndb
Add folder with name=ssh in parent=jjmndb
Create folder with name=tbdhtqn, in parent=jjmndb
Add folder with name=tbdhtqn in parent=jjmndb
Create file with name=ttp.zqf, of size=150014 in parent=jjmndb
Add file with name=ttp.zqf, of size=150014 in parent=jjmndb
Create file with name=wdqqqv.pcr, of size=240619 in parent=jjmndb
Add file with name=wdqqqv.pcr, of size=240619 in parent=jjmndb
Create file with name=ffhwwg.fpg, of size=39125 in parent=cbfdqtc
Add file with name=ffhwwg.fpg, of size=39125 in parent=cbfdqtc
Create file with name=jpnslr.qqt, of size=264178 in parent=cbfdqtc
Add file with name=jpnslr.qqt, of size=264178 in parent=cbfdqtc
Create file with name=wjmfvtvn, of size=180897 in parent=cbfdqtc
Add file with name=wjmfvtvn, of size=180897 in parent=cbfdqtc
Create file with name=jwl.ddh, of size=217994 in parent=gnjlnz
Add file with name=jwl.ddh, of size=217994 in parent=gnjlnz
Create folder with name=chgwjl, in parent=hlw
Add folder with name=chgwjl in parent=hlw
Create folder with name=dsz, in parent=hlw
Add folder with name=dsz in parent=hlw
Create file with name=ffhwwg.qfc, of size=165192 in parent=hlw
Add file with name=ffhwwg.qfc, of size=165192 in parent=hlw
Create file with name=gzph.mvb, of size=40771 in parent=hlw
Add file with name=gzph.mvb, of size=40771 in parent=hlw
Create file with name=jvwfwrg, of size=46495 in parent=hlw
Add file with name=jvwfwrg, of size=46495 in parent=hlw
Create file with name=lhgfb.blq, of size=122203 in parent=hlw
Add file with name=lhgfb.blq, of size=122203 in parent=hlw
Create file with name=qwqlzvzv, of size=175167 in parent=hlw
Add file with name=qwqlzvzv, of size=175167 in parent=hlw
Create folder with name=ttr, in parent=hlw
Add folder with name=ttr in parent=hlw
Create file with name=jwl.qqp, of size=284909 in parent=chgwjl
Add file with name=jwl.qqp, of size=284909 in parent=chgwjl
Create file with name=bsshfjl.wbd, of size=47411 in parent=dsz
Add file with name=bsshfjl.wbd, of size=47411 in parent=dsz
Create folder with name=fgbgl, in parent=ttr
Add folder with name=fgbgl in parent=ttr
Create folder with name=qsflswrq, in parent=ttr
Add folder with name=qsflswrq in parent=ttr
Create file with name=sfz, of size=5609 in parent=ttr
Add file with name=sfz, of size=5609 in parent=ttr
Create file with name=vrdbrwp.dss, of size=250311 in parent=ttr
Add file with name=vrdbrwp.dss, of size=250311 in parent=ttr
Create file with name=scclvct, of size=203288 in parent=fgbgl
Add file with name=scclvct, of size=203288 in parent=fgbgl
Create file with name=ffhwwg, of size=222611 in parent=qsflswrq
Add file with name=ffhwwg, of size=222611 in parent=qsflswrq
Create file with name=thrwtw.nsg, of size=143339 in parent=qsflswrq
Add file with name=thrwtw.nsg, of size=143339 in parent=qsflswrq
Create folder with name=ffhwwg, in parent=lzlwstch
Add folder with name=ffhwwg in parent=lzlwstch
Create folder with name=hwmzp, in parent=lzlwstch
Add folder with name=hwmzp in parent=lzlwstch
Create folder with name=jvwfwrg, in parent=lzlwstch
Add folder with name=jvwfwrg in parent=lzlwstch
Create folder with name=ndpbn, in parent=lzlwstch
Add folder with name=ndpbn in parent=lzlwstch
Create folder with name=qllzhd, in parent=lzlwstch
Add folder with name=qllzhd in parent=lzlwstch
Create file with name=hlw.hdn, of size=51165 in parent=ffhwwg
Add file with name=hlw.hdn, of size=51165 in parent=ffhwwg
Create file with name=qwqlzvzv, of size=54571 in parent=hwmzp
Add file with name=qwqlzvzv, of size=54571 in parent=hwmzp
Create file with name=qldfrhm, of size=130055 in parent=jvwfwrg
Add file with name=qldfrhm, of size=130055 in parent=jvwfwrg
Create file with name=hptz.zms, of size=160215 in parent=ndpbn
Add file with name=hptz.zms, of size=160215 in parent=ndpbn
Create file with name=hwnllpw.vjp, of size=41306 in parent=qllzhd
Add file with name=hwnllpw.vjp, of size=41306 in parent=qllzhd
Create file with name=vrdbrwp.dss, of size=162845 in parent=qllzhd
Add file with name=vrdbrwp.dss, of size=162845 in parent=qllzhd
Create folder with name=bwcg, in parent=qldfrhm
Add folder with name=bwcg in parent=qldfrhm
Create folder with name=ffhwwg, in parent=qldfrhm
Add folder with name=ffhwwg in parent=qldfrhm
Create file with name=wpzpd, of size=181254 in parent=bwcg
Add file with name=wpzpd, of size=181254 in parent=bwcg
Create file with name=cdmlz.wsf, of size=240618 in parent=ffhwwg
Add file with name=cdmlz.wsf, of size=240618 in parent=ffhwwg
Create folder with name=ffhwwg, in parent=ffhwwg
Add folder with name=ffhwwg in parent=ffhwwg
Create file with name=jfww, of size=201345 in parent=ffhwwg
Add file with name=jfww, of size=201345 in parent=ffhwwg
Create file with name=jwl.gwc, of size=128709 in parent=ffhwwg
Add file with name=jwl.gwc, of size=128709 in parent=ffhwwg
Create file with name=pswsrf.wwt, of size=284209 in parent=ffhwwg
Add file with name=pswsrf.wwt, of size=284209 in parent=ffhwwg
Create folder with name=qldfrhm, in parent=ffhwwg
Add folder with name=qldfrhm in parent=ffhwwg
Create file with name=wcc.qmr, of size=13278 in parent=ffhwwg
Add file with name=wcc.qmr, of size=13278 in parent=ffhwwg
Create file with name=wdqqqv.pcr, of size=165094 in parent=ffhwwg
Add file with name=wdqqqv.pcr, of size=165094 in parent=ffhwwg
Create file with name=ccgfmcnc.jrg, of size=104797 in parent=qldfrhm
Add file with name=ccgfmcnc.jrg, of size=104797 in parent=qldfrhm
Create file with name=hlw.pnt, of size=273814 in parent=qldfrhm
Add file with name=hlw.pnt, of size=273814 in parent=qldfrhm
Create file with name=jvwfwrg.szl, of size=182685 in parent=qldfrhm
Add file with name=jvwfwrg.szl, of size=182685 in parent=qldfrhm
Create file with name=stjhgqd, of size=190595 in parent=qldfrhm
Add file with name=stjhgqd, of size=190595 in parent=qldfrhm
Create folder with name=stpvb, in parent=qldfrhm
Add folder with name=stpvb in parent=qldfrhm
Create file with name=vbqw.vwc, of size=105499 in parent=qldfrhm
Add file with name=vbqw.vwc, of size=105499 in parent=qldfrhm
Create folder with name=zldj, in parent=qldfrhm
Add folder with name=zldj in parent=qldfrhm
Create file with name=vrdbrwp.dss, of size=221672 in parent=stpvb
Add file with name=vrdbrwp.dss, of size=221672 in parent=stpvb
Create folder with name=jwl, in parent=zldj
Add folder with name=jwl in parent=zldj
Create file with name=jhqhfrbp.nff, of size=130858 in parent=jwl
Add file with name=jhqhfrbp.nff, of size=130858 in parent=jwl
Create file with name=jfgbmb.qsd, of size=65814 in parent=ssh
Add file with name=jfgbmb.qsd, of size=65814 in parent=ssh
Create folder with name=jvwfwrg, in parent=ssh
Add folder with name=jvwfwrg in parent=ssh
Create file with name=zqhftjbs.jwd, of size=70744 in parent=ssh
Add file with name=zqhftjbs.jwd, of size=70744 in parent=ssh
Create file with name=jfgf.szv, of size=212356 in parent=jvwfwrg
Add file with name=jfgf.szv, of size=212356 in parent=jvwfwrg
Create file with name=ffhwwg.vvc, of size=37228 in parent=tbdhtqn
Add file with name=ffhwwg.vvc, of size=37228 in parent=tbdhtqn
Create file with name=nrtgtbmp.qlv, of size=69069 in parent=tbdhtqn
Add file with name=nrtgtbmp.qlv, of size=69069 in parent=tbdhtqn
Create folder with name=rmrwm, in parent=tbdhtqn
Add folder with name=rmrwm in parent=tbdhtqn
Create file with name=zldbq, of size=166294 in parent=tbdhtqn
Add file with name=zldbq, of size=166294 in parent=tbdhtqn
Create file with name=qldfrhm.hns, of size=118846 in parent=rmrwm
Add file with name=qldfrhm.hns, of size=118846 in parent=rmrwm
Create file with name=cqlfdc.qdp, of size=259092 in parent=pjzqjbd
Add file with name=cqlfdc.qdp, of size=259092 in parent=pjzqjbd
Create file with name=nmpvmdlp, of size=89322 in parent=pjzqjbd
Add file with name=nmpvmdlp, of size=89322 in parent=pjzqjbd
Create file with name=jwl.lhz, of size=82637 in parent=pmslv
Add file with name=jwl.lhz, of size=82637 in parent=pmslv
Create folder with name=gfbpcr, in parent=smfg
Add folder with name=gfbpcr in parent=smfg
Create folder with name=sghtlzqv, in parent=smfg
Add folder with name=sghtlzqv in parent=smfg
Create file with name=hnpgr.htf, of size=23958 in parent=gfbpcr
Add file with name=hnpgr.htf, of size=23958 in parent=gfbpcr
Create file with name=jfgbmb.qsd, of size=275943 in parent=sghtlzqv
Add file with name=jfgbmb.qsd, of size=275943 in parent=sghtlzqv
Create file with name=qwqlzvzv, of size=149592 in parent=sghtlzqv
Add file with name=qwqlzvzv, of size=149592 in parent=sghtlzqv
Create file with name=sgptfc.msd, of size=285215 in parent=sghtlzqv
Add file with name=sgptfc.msd, of size=285215 in parent=sghtlzqv
Create file with name=zldbq, of size=179076 in parent=sghtlzqv
Add file with name=zldbq, of size=179076 in parent=sghtlzqv
Create file with name=jfgbmb.qsd, of size=198333 in parent=wmjjwh
Add file with name=jfgbmb.qsd, of size=198333 in parent=wmjjwh
Create file with name=qwqlzvzv, of size=59553 in parent=wmjjwh
Add file with name=qwqlzvzv, of size=59553 in parent=wmjjwh
Create file with name=wdqqqv.pcr, of size=91883 in parent=wmjjwh
Add file with name=wdqqqv.pcr, of size=91883 in parent=wmjjwh
Create file with name=zldbq, of size=7054 in parent=wmjjwh
Add file with name=zldbq, of size=7054 in parent=wmjjwh
Create file with name=hlw.vcl, of size=27781 in parent=shdt
Add file with name=hlw.vcl, of size=27781 in parent=shdt
Create file with name=jpd, of size=255994 in parent=shdt
Add file with name=jpd, of size=255994 in parent=shdt
Create folder with name=mrgppm, in parent=shdt
Add folder with name=mrgppm in parent=shdt
Create folder with name=mwvgmjmb, in parent=shdt
Add folder with name=mwvgmjmb in parent=shdt
Create folder with name=nsbrbcq, in parent=shdt
Add folder with name=nsbrbcq in parent=shdt
Create file with name=rbwbqf.qjc, of size=263384 in parent=shdt
Add file with name=rbwbqf.qjc, of size=263384 in parent=shdt
Create file with name=tgr.rdc, of size=251640 in parent=shdt
Add file with name=tgr.rdc, of size=251640 in parent=shdt
Create file with name=zldbq, of size=16959 in parent=shdt
Add file with name=zldbq, of size=16959 in parent=shdt
Create folder with name=ghzhzzp, in parent=mrgppm
Add folder with name=ghzhzzp in parent=mrgppm
Create folder with name=jwl, in parent=mrgppm
Add folder with name=jwl in parent=mrgppm
Create folder with name=tgpm, in parent=mrgppm
Add folder with name=tgpm in parent=mrgppm
Create folder with name=bqplqq, in parent=ghzhzzp
Add folder with name=bqplqq in parent=ghzhzzp
Create folder with name=vtqgwsj, in parent=ghzhzzp
Add folder with name=vtqgwsj in parent=ghzhzzp
Create file with name=lntldzhp, of size=234131 in parent=bqplqq
Add file with name=lntldzhp, of size=234131 in parent=bqplqq
Create file with name=qrzrfzr, of size=260109 in parent=vtqgwsj
Add file with name=qrzrfzr, of size=260109 in parent=vtqgwsj
Create file with name=ffhwwg.wvp, of size=112258 in parent=jwl
Add file with name=ffhwwg.wvp, of size=112258 in parent=jwl
Create folder with name=hlw, in parent=tgpm
Add folder with name=hlw in parent=tgpm
Create file with name=zldbq, of size=167788 in parent=tgpm
Add file with name=zldbq, of size=167788 in parent=tgpm
Create file with name=qwqlzvzv, of size=70960 in parent=hlw
Add file with name=qwqlzvzv, of size=70960 in parent=hlw
Create file with name=pvpw.wtv, of size=142087 in parent=mwvgmjmb
Add file with name=pvpw.wtv, of size=142087 in parent=mwvgmjmb
Create folder with name=hljjp, in parent=nsbrbcq
Add folder with name=hljjp in parent=nsbrbcq
Create file with name=jfgbmb.qsd, of size=125853 in parent=hljjp
Add file with name=jfgbmb.qsd, of size=125853 in parent=hljjp
Create folder with name=cqs, in parent=htqzfcc
Add folder with name=cqs in parent=htqzfcc
Create folder with name=dsnpcnv, in parent=htqzfcc
Add folder with name=dsnpcnv in parent=htqzfcc
Create folder with name=ffhwwg, in parent=htqzfcc
Add folder with name=ffhwwg in parent=htqzfcc
Create file with name=jfgbmb.qsd, of size=90664 in parent=htqzfcc
Add file with name=jfgbmb.qsd, of size=90664 in parent=htqzfcc
Create file with name=lsjtfbvt, of size=92316 in parent=htqzfcc
Add file with name=lsjtfbvt, of size=92316 in parent=htqzfcc
Create folder with name=mftm, in parent=htqzfcc
Add folder with name=mftm in parent=htqzfcc
Create folder with name=mmgn, in parent=htqzfcc
Add folder with name=mmgn in parent=htqzfcc
Create folder with name=qqvzvw, in parent=htqzfcc
Add folder with name=qqvzvw in parent=htqzfcc
Create file with name=qwqlzvzv, of size=166400 in parent=htqzfcc
Add file with name=qwqlzvzv, of size=166400 in parent=htqzfcc
Create folder with name=vtf, in parent=htqzfcc
Add folder with name=vtf in parent=htqzfcc
Create folder with name=wrbwbdt, in parent=htqzfcc
Add folder with name=wrbwbdt in parent=htqzfcc
Create file with name=nnv.wph, of size=232548 in parent=cqs
Add file with name=nnv.wph, of size=232548 in parent=cqs
Create file with name=rwqj.crp, of size=35933 in parent=cqs
Add file with name=rwqj.crp, of size=35933 in parent=cqs
Create file with name=ffhwwg.tvt, of size=115805 in parent=dsnpcnv
Add file with name=ffhwwg.tvt, of size=115805 in parent=dsnpcnv
Create folder with name=qldfrhm, in parent=ffhwwg
Add folder with name=qldfrhm in parent=ffhwwg
Create folder with name=wjj, in parent=ffhwwg
Add folder with name=wjj in parent=ffhwwg
Create file with name=qwqlzvzv, of size=221567 in parent=qldfrhm
Add file with name=qwqlzvzv, of size=221567 in parent=qldfrhm
Create folder with name=rsztzjcm, in parent=qldfrhm
Add folder with name=rsztzjcm in parent=qldfrhm
Create file with name=vrdbrwp.dss, of size=33248 in parent=qldfrhm
Add file with name=vrdbrwp.dss, of size=33248 in parent=qldfrhm
Create file with name=wdqqqv.pcr, of size=114731 in parent=qldfrhm
Add file with name=wdqqqv.pcr, of size=114731 in parent=qldfrhm
Create file with name=zldbq, of size=276521 in parent=qldfrhm
Add file with name=zldbq, of size=276521 in parent=qldfrhm
Create file with name=frdpwjsh.wsh, of size=268313 in parent=rsztzjcm
Add file with name=frdpwjsh.wsh, of size=268313 in parent=rsztzjcm
Create file with name=jfgbmb.qsd, of size=283644 in parent=rsztzjcm
Add file with name=jfgbmb.qsd, of size=283644 in parent=rsztzjcm
Create folder with name=jhdcdm, in parent=rsztzjcm
Add folder with name=jhdcdm in parent=rsztzjcm
Create file with name=jvwfwrg.vsd, of size=84130 in parent=rsztzjcm
Add file with name=jvwfwrg.vsd, of size=84130 in parent=rsztzjcm
Create file with name=jwl.rth, of size=31286 in parent=rsztzjcm
Add file with name=jwl.rth, of size=31286 in parent=rsztzjcm
Create file with name=qwqlzvzv, of size=212461 in parent=jhdcdm
Add file with name=qwqlzvzv, of size=212461 in parent=jhdcdm
Create file with name=jvwfwrg.mmg, of size=89758 in parent=wjj
Add file with name=jvwfwrg.mmg, of size=89758 in parent=wjj
Create file with name=vrdbrwp.dss, of size=163105 in parent=wjj
Add file with name=vrdbrwp.dss, of size=163105 in parent=wjj
Create file with name=bbth.bht, of size=278389 in parent=mftm
Add file with name=bbth.bht, of size=278389 in parent=mftm
Create file with name=zldbq, of size=28122 in parent=mmgn
Add file with name=zldbq, of size=28122 in parent=mmgn
Create folder with name=mjw, in parent=qqvzvw
Add folder with name=mjw in parent=qqvzvw
Create folder with name=qldfrhm, in parent=qqvzvw
Add folder with name=qldfrhm in parent=qqvzvw
Create folder with name=zbmpdwtc, in parent=qqvzvw
Add folder with name=zbmpdwtc in parent=qqvzvw
Create folder with name=cvn, in parent=mjw
Add folder with name=cvn in parent=mjw
Create folder with name=dlgzc, in parent=mjw
Add folder with name=dlgzc in parent=mjw
Create file with name=jfgbmb.qsd, of size=10631 in parent=mjw
Add file with name=jfgbmb.qsd, of size=10631 in parent=mjw
Create file with name=qldfrhm.hgf, of size=206351 in parent=mjw
Add file with name=qldfrhm.hgf, of size=206351 in parent=mjw
Create file with name=qwqlzvzv, of size=136824 in parent=mjw
Add file with name=qwqlzvzv, of size=136824 in parent=mjw
Create file with name=qwzczrcf, of size=116870 in parent=mjw
Add file with name=qwzczrcf, of size=116870 in parent=mjw
Create file with name=ggtd.jlp, of size=146142 in parent=cvn
Add file with name=ggtd.jlp, of size=146142 in parent=cvn
Create file with name=wpc, of size=130120 in parent=dlgzc
Add file with name=wpc, of size=130120 in parent=dlgzc
Create file with name=bpf.jbv, of size=260238 in parent=qldfrhm
Add file with name=bpf.jbv, of size=260238 in parent=qldfrhm
Create file with name=cwdnf, of size=270180 in parent=qldfrhm
Add file with name=cwdnf, of size=270180 in parent=qldfrhm
Create folder with name=czwwzj, in parent=qldfrhm
Add folder with name=czwwzj in parent=qldfrhm
Create file with name=jvwfwrg.fmq, of size=50884 in parent=qldfrhm
Add file with name=jvwfwrg.fmq, of size=50884 in parent=qldfrhm
Create folder with name=mjpzgbww, in parent=qldfrhm
Add folder with name=mjpzgbww in parent=qldfrhm
Create file with name=qtdzw.bmb, of size=252028 in parent=qldfrhm
Add file with name=qtdzw.bmb, of size=252028 in parent=qldfrhm
Create folder with name=rzqj, in parent=qldfrhm
Add folder with name=rzqj in parent=qldfrhm
Create folder with name=cpwwqrph, in parent=czwwzj
Add folder with name=cpwwqrph in parent=czwwzj
Create file with name=jfgbmb.qsd, of size=19863 in parent=czwwzj
Add file with name=jfgbmb.qsd, of size=19863 in parent=czwwzj
Create folder with name=snl, in parent=czwwzj
Add folder with name=snl in parent=czwwzj
Create file with name=vrdbrwp.dss, of size=83915 in parent=czwwzj
Add file with name=vrdbrwp.dss, of size=83915 in parent=czwwzj
Create folder with name=jvwfwrg, in parent=cpwwqrph
Add folder with name=jvwfwrg in parent=cpwwqrph
Create file with name=jfgbmb.qsd, of size=176717 in parent=jvwfwrg
Add file with name=jfgbmb.qsd, of size=176717 in parent=jvwfwrg
Create folder with name=btngcvt, in parent=snl
Add folder with name=btngcvt in parent=snl
Create folder with name=ffhwwg, in parent=snl
Add folder with name=ffhwwg in parent=snl
Create file with name=gchwbc.jtf, of size=53428 in parent=snl
Add file with name=gchwbc.jtf, of size=53428 in parent=snl
Create file with name=vrdbrwp.dss, of size=220232 in parent=snl
Add file with name=vrdbrwp.dss, of size=220232 in parent=snl
Create file with name=jwl.smp, of size=172859 in parent=btngcvt
Add file with name=jwl.smp, of size=172859 in parent=btngcvt
Create folder with name=tgcqmbrn, in parent=btngcvt
Add folder with name=tgcqmbrn in parent=btngcvt
Create file with name=jvwfwrg, of size=149905 in parent=tgcqmbrn
Add file with name=jvwfwrg, of size=149905 in parent=tgcqmbrn
Create file with name=qldfrhm.hbg, of size=145399 in parent=ffhwwg
Add file with name=qldfrhm.hbg, of size=145399 in parent=ffhwwg
Create file with name=bwzwfjtc.rmn, of size=52355 in parent=mjpzgbww
Add file with name=bwzwfjtc.rmn, of size=52355 in parent=mjpzgbww
Create file with name=ffhwwg.tnh, of size=5856 in parent=mjpzgbww
Add file with name=ffhwwg.tnh, of size=5856 in parent=mjpzgbww
Create file with name=scbdnlgl, of size=146211 in parent=mjpzgbww
Add file with name=scbdnlgl, of size=146211 in parent=mjpzgbww
Create folder with name=jmjszd, in parent=rzqj
Add folder with name=jmjszd in parent=rzqj
Create file with name=vgr, of size=134481 in parent=rzqj
Add file with name=vgr, of size=134481 in parent=rzqj
Create file with name=vrdbrwp.dss, of size=187382 in parent=rzqj
Add file with name=vrdbrwp.dss, of size=187382 in parent=rzqj
Create file with name=qldfrhm, of size=81971 in parent=jmjszd
Add file with name=qldfrhm, of size=81971 in parent=jmjszd
Create file with name=jvntrn, of size=193744 in parent=zbmpdwtc
Add file with name=jvntrn, of size=193744 in parent=zbmpdwtc
Create file with name=qwqlzvzv, of size=231403 in parent=zbmpdwtc
Add file with name=qwqlzvzv, of size=231403 in parent=zbmpdwtc
Create file with name=vzngcbq, of size=2562 in parent=vtf
Add file with name=vzngcbq, of size=2562 in parent=vtf
Create folder with name=brzwbmc, in parent=wrbwbdt
Add folder with name=brzwbmc in parent=wrbwbdt
Create file with name=hlw, of size=29261 in parent=wrbwbdt
Add file with name=hlw, of size=29261 in parent=wrbwbdt
Create folder with name=ggh, in parent=brzwbmc
Add folder with name=ggh in parent=brzwbmc
Create file with name=jfgbmb.qsd, of size=174287 in parent=brzwbmc
Add file with name=jfgbmb.qsd, of size=174287 in parent=brzwbmc
Create folder with name=jwl, in parent=brzwbmc
Add folder with name=jwl in parent=brzwbmc
Create file with name=mpdz, of size=247329 in parent=brzwbmc
Add file with name=mpdz, of size=247329 in parent=brzwbmc
Create folder with name=thm, in parent=brzwbmc
Add folder with name=thm in parent=brzwbmc
Create file with name=vrdbrwp.dss, of size=83546 in parent=brzwbmc
Add file with name=vrdbrwp.dss, of size=83546 in parent=brzwbmc
Create file with name=wmwhhhmn.rms, of size=231269 in parent=brzwbmc
Add file with name=wmwhhhmn.rms, of size=231269 in parent=brzwbmc
Create folder with name=cqrmsltg, in parent=ggh
Add folder with name=cqrmsltg in parent=ggh
Create file with name=mrlwwdv.ffb, of size=18724 in parent=ggh
Add file with name=mrlwwdv.ffb, of size=18724 in parent=ggh
Create folder with name=ffhwwg, in parent=cqrmsltg
Add folder with name=ffhwwg in parent=cqrmsltg
Create folder with name=jvwfwrg, in parent=cqrmsltg
Add folder with name=jvwfwrg in parent=cqrmsltg
Create file with name=pmrmh.zmn, of size=41263 in parent=cqrmsltg
Add file with name=pmrmh.zmn, of size=41263 in parent=cqrmsltg
Create folder with name=tcjr, in parent=cqrmsltg
Add folder with name=tcjr in parent=cqrmsltg
Create folder with name=hlw, in parent=ffhwwg
Add folder with name=hlw in parent=ffhwwg
Create file with name=ljnfchr.frr, of size=139875 in parent=hlw
Add file with name=ljnfchr.frr, of size=139875 in parent=hlw
Create file with name=zldbq, of size=141078 in parent=jvwfwrg
Add file with name=zldbq, of size=141078 in parent=jvwfwrg
Create folder with name=hnngpdc, in parent=tcjr
Add folder with name=hnngpdc in parent=tcjr
Create file with name=jwl, of size=153685 in parent=tcjr
Add file with name=jwl, of size=153685 in parent=tcjr
Create file with name=nwlsf.dbq, of size=93502 in parent=tcjr
Add file with name=nwlsf.dbq, of size=93502 in parent=tcjr
Create file with name=qwqlzvzv, of size=226658 in parent=tcjr
Add file with name=qwqlzvzv, of size=226658 in parent=tcjr
Create file with name=gchtc.sst, of size=243203 in parent=hnngpdc
Add file with name=gchtc.sst, of size=243203 in parent=hnngpdc
Create file with name=hfp.cfv, of size=62087 in parent=jwl
Add file with name=hfp.cfv, of size=62087 in parent=jwl
Create file with name=dfqgcd.frc, of size=228008 in parent=thm
Add file with name=dfqgcd.frc, of size=228008 in parent=thm
Create file with name=glblcw, of size=167850 in parent=thm
Add file with name=glblcw, of size=167850 in parent=thm
Create folder with name=jvwfwrg, in parent=thm
Add folder with name=jvwfwrg in parent=thm
Create folder with name=ffhwwg, in parent=jvwfwrg
Add folder with name=ffhwwg in parent=jvwfwrg
Create folder with name=jgvf, in parent=jvwfwrg
Add folder with name=jgvf in parent=jvwfwrg
Create file with name=qmc.vgf, of size=170488 in parent=jvwfwrg
Add file with name=qmc.vgf, of size=170488 in parent=jvwfwrg
Create file with name=jfgbmb.qsd, of size=258985 in parent=ffhwwg
Add file with name=jfgbmb.qsd, of size=258985 in parent=ffhwwg
Create file with name=rdplqftl, of size=150671 in parent=jgvf
Add file with name=rdplqftl, of size=150671 in parent=jgvf
Create folder with name=rglrpqd, in parent=nqf
Add folder with name=rglrpqd in parent=nqf
Create file with name=nnbs.dhr, of size=276785 in parent=rglrpqd
Add file with name=nnbs.dhr, of size=276785 in parent=rglrpqd
Create file with name=qwqlzvzv, of size=224128 in parent=rglrpqd
Add file with name=qwqlzvzv, of size=224128 in parent=rglrpqd
Create file with name=jfgbmb.qsd, of size=47655 in parent=tvmqzwmn
Add file with name=jfgbmb.qsd, of size=47655 in parent=tvmqzwmn
Create file with name=qwqlzvzv, of size=233646 in parent=tvmqzwmn
Add file with name=qwqlzvzv, of size=233646 in parent=tvmqzwmn
Create file with name=rqfp, of size=237245 in parent=tvmqzwmn
Add file with name=rqfp, of size=237245 in parent=tvmqzwmn
Create file with name=whntfvm.sfz, of size=185131 in parent=tvmqzwmn
Add file with name=whntfvm.sfz, of size=185131 in parent=tvmqzwmn
Folder=fcqv
Looking into fcqv of size=546503
With parent : / and Path = /.fcqv
Go deep into fhg
Looking into fhg of size=0
With parent : fcqv and Path = /.fcqv.fhg
Go deep into jljrdvw
Looking into jljrdvw of size=101940
With parent : fhg and Path = /.fcqv.fhg.jljrdvw
Folder jljrdvw is size=101940
Folder fhg is size=101940
Go deep into thbb
Looking into thbb of size=752508
With parent : fcqv and Path = /.fcqv.thbb
Folder thbb is size=752508
Folder fcqv is size=1400951
Folder=fcv
Looking into fcv of size=810416
With parent : / and Path = /.fcv
Go deep into ffhwwg
Looking into ffhwwg of size=0
With parent : fcv and Path = /.fcv.ffhwwg
Go deep into hlqf
Looking into hlqf of size=30443
With parent : ffhwwg and Path = /.fcv.ffhwwg.hlqf
Folder hlqf is size=30443
Folder ffhwwg is size=30443
Go deep into vcqsrw
Looking into vcqsrw of size=479827
With parent : fcv and Path = /.fcv.vcqsrw
Go deep into bzlnsjmv
Looking into bzlnsjmv of size=272548
With parent : vcqsrw and Path = /.fcv.vcqsrw.bzlnsjmv
Folder bzlnsjmv is size=272548
Go deep into rvbtnz
Looking into rvbtnz of size=165670
With parent : vcqsrw and Path = /.fcv.vcqsrw.rvbtnz
Folder rvbtnz is size=165670
Folder vcqsrw is size=918045
Go deep into znzpm
Looking into znzpm of size=0
With parent : fcv and Path = /.fcv.znzpm
Go deep into mjwnsw
Looking into mjwnsw of size=219638
With parent : znzpm and Path = /.fcv.znzpm.mjwnsw
Folder mjwnsw is size=219638
Folder znzpm is size=219638
Folder fcv is size=1978542
Folder=jvwfwrg
Looking into jvwfwrg of size=285321
With parent : / and Path = /.jvwfwrg
Go deep into ffhwwg
Looking into ffhwwg of size=356258
With parent : jvwfwrg and Path = /.jvwfwrg.ffhwwg
Folder ffhwwg is size=356258
Go deep into hzjpg
Looking into hzjpg of size=744928
With parent : jvwfwrg and Path = /.jvwfwrg.hzjpg
Go deep into ddrwfq
Looking into ddrwfq of size=11756
With parent : hzjpg and Path = /.jvwfwrg.hzjpg.ddrwfq
Folder ddrwfq is size=11756
Go deep into mqwww
Looking into mqwww of size=149750
With parent : hzjpg and Path = /.jvwfwrg.hzjpg.mqwww
Folder mqwww is size=149750
Go deep into wctwz
Looking into wctwz of size=277720
With parent : hzjpg and Path = /.jvwfwrg.hzjpg.wctwz
Folder wctwz is size=277720
Go deep into wlrmbtdg
Looking into wlrmbtdg of size=323978
With parent : hzjpg and Path = /.jvwfwrg.hzjpg.wlrmbtdg
Go deep into hgdjv
Looking into hgdjv of size=0
With parent : wlrmbtdg and Path = /.jvwfwrg.hzjpg.wlrmbtdg.hgdjv
Go deep into hlw
Looking into hlw of size=229687
With parent : hgdjv and Path = /.jvwfwrg.hzjpg.wlrmbtdg.hgdjv.hlw
Folder hlw is size=229687
Folder hgdjv is size=229687
Go deep into qldfrhm
Looking into qldfrhm of size=254189
With parent : wlrmbtdg and Path = /.jvwfwrg.hzjpg.wlrmbtdg.qldfrhm
Folder qldfrhm is size=254189
Folder wlrmbtdg is size=807854
Folder hzjpg is size=1992008
Go deep into jwl
Looking into jwl of size=441653
With parent : jvwfwrg and Path = /.jvwfwrg.jwl
Go deep into ghgf
Looking into ghgf of size=181540
With parent : jwl and Path = /.jvwfwrg.jwl.ghgf
Folder ghgf is size=181540
Go deep into gqlmq
Looking into gqlmq of size=346570
With parent : jwl and Path = /.jvwfwrg.jwl.gqlmq
Go deep into ffhwwg
Looking into ffhwwg of size=264524
With parent : gqlmq and Path = /.jvwfwrg.jwl.gqlmq.ffhwwg
Folder ffhwwg is size=264524
Go deep into jwl
Looking into jwl of size=179926
With parent : gqlmq and Path = /.jvwfwrg.jwl.gqlmq.jwl
Go deep into zjv
Looking into zjv of size=102693
With parent : jwl and Path = /.jvwfwrg.jwl.gqlmq.jwl.zjv
Folder zjv is size=102693
Folder jwl is size=282619
Go deep into pqdqntr
Looking into pqdqntr of size=159376
With parent : gqlmq and Path = /.jvwfwrg.jwl.gqlmq.pqdqntr
Folder pqdqntr is size=159376
Folder gqlmq is size=1053089
Go deep into mjm
Looking into mjm of size=590544
With parent : jwl and Path = /.jvwfwrg.jwl.mjm
Folder mjm is size=590544
Go deep into qgq
Looking into qgq of size=857101
With parent : jwl and Path = /.jvwfwrg.jwl.qgq
Go deep into dgq
Looking into dgq of size=363040
With parent : qgq and Path = /.jvwfwrg.jwl.qgq.dgq
Go deep into ffhwwg
Looking into ffhwwg of size=541118
With parent : dgq and Path = /.jvwfwrg.jwl.qgq.dgq.ffhwwg
Folder ffhwwg is size=541118
Folder dgq is size=904158
Go deep into hlw
Looking into hlw of size=244567
With parent : qgq and Path = /.jvwfwrg.jwl.qgq.hlw
Folder hlw is size=244567
Go deep into jwl
Looking into jwl of size=105997
With parent : qgq and Path = /.jvwfwrg.jwl.qgq.jwl
Folder jwl is size=105997
Folder qgq is size=2111823
Folder jwl is size=4378649
Go deep into nmz
Looking into nmz of size=180419
With parent : jvwfwrg and Path = /.jvwfwrg.nmz
Folder nmz is size=180419
Go deep into tdjtv
Looking into tdjtv of size=0
With parent : jvwfwrg and Path = /.jvwfwrg.tdjtv
Go deep into jvwfwrg
Looking into jvwfwrg of size=35406
With parent : tdjtv and Path = /.jvwfwrg.tdjtv.jvwfwrg
Folder jvwfwrg is size=35406
Go deep into mdmwf
Looking into mdmwf of size=221330
With parent : tdjtv and Path = /.jvwfwrg.tdjtv.mdmwf
Go deep into ffhwwg
Looking into ffhwwg of size=117473
With parent : mdmwf and Path = /.jvwfwrg.tdjtv.mdmwf.ffhwwg
Folder ffhwwg is size=117473
Folder mdmwf is size=338803
Go deep into rlpbrq
Looking into rlpbrq of size=571229
With parent : tdjtv and Path = /.jvwfwrg.tdjtv.rlpbrq
Folder rlpbrq is size=571229
Folder tdjtv is size=945438
Go deep into wdn
Looking into wdn of size=783901
With parent : jvwfwrg and Path = /.jvwfwrg.wdn
Go deep into gqmghw
Looking into gqmghw of size=0
With parent : wdn and Path = /.jvwfwrg.wdn.gqmghw
Go deep into tlgbcrh
Looking into tlgbcrh of size=281457
With parent : gqmghw and Path = /.jvwfwrg.wdn.gqmghw.tlgbcrh
Folder tlgbcrh is size=281457
Folder gqmghw is size=281457
Go deep into ztqbhjr
Looking into ztqbhjr of size=531291
With parent : wdn and Path = /.jvwfwrg.wdn.ztqbhjr
Go deep into nbhq
Looking into nbhq of size=329280
With parent : ztqbhjr and Path = /.jvwfwrg.wdn.ztqbhjr.nbhq
Folder nbhq is size=329280
Go deep into vfmmj
Looking into vfmmj of size=97774
With parent : ztqbhjr and Path = /.jvwfwrg.wdn.ztqbhjr.vfmmj
Folder vfmmj is size=97774
Folder ztqbhjr is size=958345
Folder wdn is size=2023703
Folder jvwfwrg is size=10161796
Folder=tzwpllhq
Looking into tzwpllhq of size=364097
With parent : / and Path = /.tzwpllhq
Go deep into jwv
Looking into jwv of size=412545
With parent : tzwpllhq and Path = /.tzwpllhq.jwv
Go deep into bgswd
Looking into bgswd of size=216966
With parent : jwv and Path = /.tzwpllhq.jwv.bgswd
Go deep into hdgt
Looking into hdgt of size=70441
With parent : bgswd and Path = /.tzwpllhq.jwv.bgswd.hdgt
Folder hdgt is size=70441
Folder bgswd is size=287407
Go deep into jvwfwrg
Looking into jvwfwrg of size=69374
With parent : jwv and Path = /.tzwpllhq.jwv.jvwfwrg
Go deep into mctsws
Looking into mctsws of size=257337
With parent : jvwfwrg and Path = /.tzwpllhq.jwv.jvwfwrg.mctsws
Folder mctsws is size=257337
Folder jvwfwrg is size=326711
Go deep into jwl
Looking into jwl of size=161061
With parent : jwv and Path = /.tzwpllhq.jwv.jwl
Folder jwl is size=161061
Go deep into mbcb
Looking into mbcb of size=0
With parent : jwv and Path = /.tzwpllhq.jwv.mbcb
Go deep into fbhhq
Looking into fbhhq of size=0
With parent : mbcb and Path = /.tzwpllhq.jwv.mbcb.fbhhq
Go deep into vnn
Looking into vnn of size=55629
With parent : fbhhq and Path = /.tzwpllhq.jwv.mbcb.fbhhq.vnn
Folder vnn is size=55629
Folder fbhhq is size=55629
Go deep into rgjwh
Looking into rgjwh of size=7826
With parent : mbcb and Path = /.tzwpllhq.jwv.mbcb.rgjwh
Folder rgjwh is size=7826
Folder mbcb is size=63455
Go deep into qldfrhm
Looking into qldfrhm of size=188516
With parent : jwv and Path = /.tzwpllhq.jwv.qldfrhm
Folder qldfrhm is size=188516
Folder jwv is size=1439695
Go deep into qldfrhm
Looking into qldfrhm of size=519172
With parent : tzwpllhq and Path = /.tzwpllhq.qldfrhm
Go deep into ffhwwg
Looking into ffhwwg of size=218749
With parent : qldfrhm and Path = /.tzwpllhq.qldfrhm.ffhwwg
Folder ffhwwg is size=218749
Go deep into jwl
Looking into jwl of size=924723
With parent : qldfrhm and Path = /.tzwpllhq.qldfrhm.jwl
Go deep into nsvjcpc
Looking into nsvjcpc of size=43660
With parent : jwl and Path = /.tzwpllhq.qldfrhm.jwl.nsvjcpc
Folder nsvjcpc is size=43660
Go deep into nwdvblg
Looking into nwdvblg of size=0
With parent : jwl and Path = /.tzwpllhq.qldfrhm.jwl.nwdvblg
Go deep into cltj
Looking into cltj of size=446213
With parent : nwdvblg and Path = /.tzwpllhq.qldfrhm.jwl.nwdvblg.cltj
Folder cltj is size=446213
Go deep into fds
Looking into fds of size=417906
With parent : nwdvblg and Path = /.tzwpllhq.qldfrhm.jwl.nwdvblg.fds
Folder fds is size=417906
Folder nwdvblg is size=864119
Go deep into qqmb
Looking into qqmb of size=139542
With parent : jwl and Path = /.tzwpllhq.qldfrhm.jwl.qqmb
Folder qqmb is size=139542
Folder jwl is size=1972044
Go deep into tbngqwb
Looking into tbngqwb of size=350437
With parent : qldfrhm and Path = /.tzwpllhq.qldfrhm.tbngqwb
Go deep into jwl
Looking into jwl of size=45969
With parent : tbngqwb and Path = /.tzwpllhq.qldfrhm.tbngqwb.jwl
Folder jwl is size=45969
Folder tbngqwb is size=396406
Folder qldfrhm is size=3106371
Go deep into swmwvl
Looking into swmwvl of size=209063
With parent : tzwpllhq and Path = /.tzwpllhq.swmwvl
Go deep into gsj
Looking into gsj of size=152202
With parent : swmwvl and Path = /.tzwpllhq.swmwvl.gsj
Go deep into fpzj
Looking into fpzj of size=83665
With parent : gsj and Path = /.tzwpllhq.swmwvl.gsj.fpzj
Folder fpzj is size=83665
Folder gsj is size=235867
Folder swmwvl is size=444930
Go deep into wzpth
Looking into wzpth of size=0
With parent : tzwpllhq and Path = /.tzwpllhq.wzpth
Go deep into snhss
Looking into snhss of size=0
With parent : wzpth and Path = /.tzwpllhq.wzpth.snhss
Go deep into hlw
Looking into hlw of size=15123
With parent : snhss and Path = /.tzwpllhq.wzpth.snhss.hlw
Folder hlw is size=15123
Folder snhss is size=15123
Folder wzpth is size=15123
Folder tzwpllhq is size=5370216
Folder=vglf
Looking into vglf of size=459112
With parent : / and Path = /.vglf
Go deep into gdjmt
Looking into gdjmt of size=214742
With parent : vglf and Path = /.vglf.gdjmt
Folder gdjmt is size=214742
Go deep into hnnw
Looking into hnnw of size=706066
With parent : vglf and Path = /.vglf.hnnw
Go deep into ffhwwg
Looking into ffhwwg of size=261158
With parent : hnnw and Path = /.vglf.hnnw.ffhwwg
Go deep into dsqwrdnq
Looking into dsqwrdnq of size=129823
With parent : ffhwwg and Path = /.vglf.hnnw.ffhwwg.dsqwrdnq
Folder dsqwrdnq is size=129823
Folder ffhwwg is size=390981
Go deep into jwl
Looking into jwl of size=215828
With parent : hnnw and Path = /.vglf.hnnw.jwl
Go deep into bzq
Looking into bzq of size=199534
With parent : jwl and Path = /.vglf.hnnw.jwl.bzq
Folder bzq is size=199534
Go deep into jjmndb
Looking into jjmndb of size=912040
With parent : jwl and Path = /.vglf.hnnw.jwl.jjmndb
Go deep into cbfdqtc
Looking into cbfdqtc of size=484200
With parent : jjmndb and Path = /.vglf.hnnw.jwl.jjmndb.cbfdqtc
Folder cbfdqtc is size=484200
Go deep into gnjlnz
Looking into gnjlnz of size=217994
With parent : jjmndb and Path = /.vglf.hnnw.jwl.jjmndb.gnjlnz
Folder gnjlnz is size=217994
Go deep into hlw
Looking into hlw of size=549828
With parent : jjmndb and Path = /.vglf.hnnw.jwl.jjmndb.hlw
Go deep into chgwjl
Looking into chgwjl of size=284909
With parent : hlw and Path = /.vglf.hnnw.jwl.jjmndb.hlw.chgwjl
Folder chgwjl is size=284909
Go deep into dsz
Looking into dsz of size=47411
With parent : hlw and Path = /.vglf.hnnw.jwl.jjmndb.hlw.dsz
Folder dsz is size=47411
Go deep into ttr
Looking into ttr of size=255920
With parent : hlw and Path = /.vglf.hnnw.jwl.jjmndb.hlw.ttr
Go deep into fgbgl
Looking into fgbgl of size=203288
With parent : ttr and Path = /.vglf.hnnw.jwl.jjmndb.hlw.ttr.fgbgl
Folder fgbgl is size=203288
Go deep into qsflswrq
Looking into qsflswrq of size=365950
With parent : ttr and Path = /.vglf.hnnw.jwl.jjmndb.hlw.ttr.qsflswrq
Folder qsflswrq is size=365950
Folder ttr is size=825158
Folder hlw is size=1707306
Go deep into lzlwstch
Looking into lzlwstch of size=0
With parent : jjmndb and Path = /.vglf.hnnw.jwl.jjmndb.lzlwstch
Go deep into ffhwwg
Looking into ffhwwg of size=51165
With parent : lzlwstch and Path = /.vglf.hnnw.jwl.jjmndb.lzlwstch.ffhwwg
Folder ffhwwg is size=51165
Go deep into hwmzp
Looking into hwmzp of size=54571
With parent : lzlwstch and Path = /.vglf.hnnw.jwl.jjmndb.lzlwstch.hwmzp
Folder hwmzp is size=54571
Go deep into jvwfwrg
Looking into jvwfwrg of size=130055
With parent : lzlwstch and Path = /.vglf.hnnw.jwl.jjmndb.lzlwstch.jvwfwrg
Folder jvwfwrg is size=130055
Go deep into ndpbn
Looking into ndpbn of size=160215
With parent : lzlwstch and Path = /.vglf.hnnw.jwl.jjmndb.lzlwstch.ndpbn
Folder ndpbn is size=160215
Go deep into qllzhd
Looking into qllzhd of size=204151
With parent : lzlwstch and Path = /.vglf.hnnw.jwl.jjmndb.lzlwstch.qllzhd
Folder qllzhd is size=204151
Folder lzlwstch is size=600157
Go deep into qldfrhm
Looking into qldfrhm of size=0
With parent : jjmndb and Path = /.vglf.hnnw.jwl.jjmndb.qldfrhm
Go deep into bwcg
Looking into bwcg of size=181254
With parent : qldfrhm and Path = /.vglf.hnnw.jwl.jjmndb.qldfrhm.bwcg
Folder bwcg is size=181254
Go deep into ffhwwg
Looking into ffhwwg of size=854881
With parent : qldfrhm and Path = /.vglf.hnnw.jwl.jjmndb.qldfrhm.ffhwwg
Go deep into ffhwwg
Looking into ffhwwg of size=178372
With parent : ffhwwg and Path = /.vglf.hnnw.jwl.jjmndb.qldfrhm.ffhwwg.ffhwwg
Folder ffhwwg is size=178372
Go deep into qldfrhm
Looking into qldfrhm of size=857390
With parent : ffhwwg and Path = /.vglf.hnnw.jwl.jjmndb.qldfrhm.ffhwwg.qldfrhm
Go deep into stpvb
Looking into stpvb of size=221672
With parent : qldfrhm and Path = /.vglf.hnnw.jwl.jjmndb.qldfrhm.ffhwwg.qldfrhm.stpvb
Folder stpvb is size=221672
Go deep into zldj
Looking into zldj of size=0
With parent : qldfrhm and Path = /.vglf.hnnw.jwl.jjmndb.qldfrhm.ffhwwg.qldfrhm.zldj
Go deep into jwl
Looking into jwl of size=130858
With parent : zldj and Path = /.vglf.hnnw.jwl.jjmndb.qldfrhm.ffhwwg.qldfrhm.zldj.jwl
Folder jwl is size=130858
Folder zldj is size=130858
Folder qldfrhm is size=1209920
Folder ffhwwg is size=2243173
Folder qldfrhm is size=2424427
Go deep into ssh
Looking into ssh of size=136558
With parent : jjmndb and Path = /.vglf.hnnw.jwl.jjmndb.ssh
Go deep into jvwfwrg
Looking into jvwfwrg of size=212356
With parent : ssh and Path = /.vglf.hnnw.jwl.jjmndb.ssh.jvwfwrg
Folder jvwfwrg is size=212356
Folder ssh is size=348914
Go deep into tbdhtqn
Looking into tbdhtqn of size=272591
With parent : jjmndb and Path = /.vglf.hnnw.jwl.jjmndb.tbdhtqn
Go deep into rmrwm
Looking into rmrwm of size=118846
With parent : tbdhtqn and Path = /.vglf.hnnw.jwl.jjmndb.tbdhtqn.rmrwm
Folder rmrwm is size=118846
Folder tbdhtqn is size=391437
Folder jjmndb is size=7086475
Go deep into pjzqjbd
Looking into pjzqjbd of size=348414
With parent : jwl and Path = /.vglf.hnnw.jwl.pjzqjbd
Folder pjzqjbd is size=348414
Go deep into pmslv
Looking into pmslv of size=82637
With parent : jwl and Path = /.vglf.hnnw.jwl.pmslv
Folder pmslv is size=82637
Go deep into smfg
Looking into smfg of size=0
With parent : jwl and Path = /.vglf.hnnw.jwl.smfg
Go deep into gfbpcr
Looking into gfbpcr of size=23958
With parent : smfg and Path = /.vglf.hnnw.jwl.smfg.gfbpcr
Folder gfbpcr is size=23958
Go deep into sghtlzqv
Looking into sghtlzqv of size=889826
With parent : smfg and Path = /.vglf.hnnw.jwl.smfg.sghtlzqv
Folder sghtlzqv is size=889826
Folder smfg is size=913784
Go deep into wmjjwh
Looking into wmjjwh of size=356823
With parent : jwl and Path = /.vglf.hnnw.jwl.wmjjwh
Folder wmjjwh is size=356823
Folder jwl is size=9203495
Go deep into shdt
Looking into shdt of size=815758
With parent : hnnw and Path = /.vglf.hnnw.shdt
Go deep into mrgppm
Looking into mrgppm of size=0
With parent : shdt and Path = /.vglf.hnnw.shdt.mrgppm
Go deep into ghzhzzp
Looking into ghzhzzp of size=0
With parent : mrgppm and Path = /.vglf.hnnw.shdt.mrgppm.ghzhzzp
Go deep into bqplqq
Looking into bqplqq of size=234131
With parent : ghzhzzp and Path = /.vglf.hnnw.shdt.mrgppm.ghzhzzp.bqplqq
Folder bqplqq is size=234131
Go deep into vtqgwsj
Looking into vtqgwsj of size=260109
With parent : ghzhzzp and Path = /.vglf.hnnw.shdt.mrgppm.ghzhzzp.vtqgwsj
Folder vtqgwsj is size=260109
Folder ghzhzzp is size=494240
Go deep into jwl
Looking into jwl of size=112258
With parent : mrgppm and Path = /.vglf.hnnw.shdt.mrgppm.jwl
Folder jwl is size=112258
Go deep into tgpm
Looking into tgpm of size=167788
With parent : mrgppm and Path = /.vglf.hnnw.shdt.mrgppm.tgpm
Go deep into hlw
Looking into hlw of size=70960
With parent : tgpm and Path = /.vglf.hnnw.shdt.mrgppm.tgpm.hlw
Folder hlw is size=70960
Folder tgpm is size=238748
Folder mrgppm is size=845246
Go deep into mwvgmjmb
Looking into mwvgmjmb of size=142087
With parent : shdt and Path = /.vglf.hnnw.shdt.mwvgmjmb
Folder mwvgmjmb is size=142087
Go deep into nsbrbcq
Looking into nsbrbcq of size=0
With parent : shdt and Path = /.vglf.hnnw.shdt.nsbrbcq
Go deep into hljjp
Looking into hljjp of size=125853
With parent : nsbrbcq and Path = /.vglf.hnnw.shdt.nsbrbcq.hljjp
Folder hljjp is size=125853
Folder nsbrbcq is size=125853
Folder shdt is size=1928944
Folder hnnw is size=12229486
Go deep into htqzfcc
Looking into htqzfcc of size=349380
With parent : vglf and Path = /.vglf.htqzfcc
Go deep into cqs
Looking into cqs of size=268481
With parent : htqzfcc and Path = /.vglf.htqzfcc.cqs
Folder cqs is size=268481
Go deep into dsnpcnv
Looking into dsnpcnv of size=115805
With parent : htqzfcc and Path = /.vglf.htqzfcc.dsnpcnv
Folder dsnpcnv is size=115805
Go deep into ffhwwg
Looking into ffhwwg of size=0
With parent : htqzfcc and Path = /.vglf.htqzfcc.ffhwwg
Go deep into qldfrhm
Looking into qldfrhm of size=646067
With parent : ffhwwg and Path = /.vglf.htqzfcc.ffhwwg.qldfrhm
Go deep into rsztzjcm
Looking into rsztzjcm of size=667373
With parent : qldfrhm and Path = /.vglf.htqzfcc.ffhwwg.qldfrhm.rsztzjcm
Go deep into jhdcdm
Looking into jhdcdm of size=212461
With parent : rsztzjcm and Path = /.vglf.htqzfcc.ffhwwg.qldfrhm.rsztzjcm.jhdcdm
Folder jhdcdm is size=212461
Folder rsztzjcm is size=879834
Folder qldfrhm is size=1525901
Go deep into wjj
Looking into wjj of size=252863
With parent : ffhwwg and Path = /.vglf.htqzfcc.ffhwwg.wjj
Folder wjj is size=252863
Folder ffhwwg is size=1778764
Go deep into mftm
Looking into mftm of size=278389
With parent : htqzfcc and Path = /.vglf.htqzfcc.mftm
Folder mftm is size=278389
Go deep into mmgn
Looking into mmgn of size=28122
With parent : htqzfcc and Path = /.vglf.htqzfcc.mmgn
Folder mmgn is size=28122
Go deep into qqvzvw
Looking into qqvzvw of size=0
With parent : htqzfcc and Path = /.vglf.htqzfcc.qqvzvw
Go deep into mjw
Looking into mjw of size=470676
With parent : qqvzvw and Path = /.vglf.htqzfcc.qqvzvw.mjw
Go deep into cvn
Looking into cvn of size=146142
With parent : mjw and Path = /.vglf.htqzfcc.qqvzvw.mjw.cvn
Folder cvn is size=146142
Go deep into dlgzc
Looking into dlgzc of size=130120
With parent : mjw and Path = /.vglf.htqzfcc.qqvzvw.mjw.dlgzc
Folder dlgzc is size=130120
Folder mjw is size=746938
Go deep into qldfrhm
Looking into qldfrhm of size=833330
With parent : qqvzvw and Path = /.vglf.htqzfcc.qqvzvw.qldfrhm
Go deep into czwwzj
Looking into czwwzj of size=103778
With parent : qldfrhm and Path = /.vglf.htqzfcc.qqvzvw.qldfrhm.czwwzj
Go deep into cpwwqrph
Looking into cpwwqrph of size=0
With parent : czwwzj and Path = /.vglf.htqzfcc.qqvzvw.qldfrhm.czwwzj.cpwwqrph
Go deep into jvwfwrg
Looking into jvwfwrg of size=176717
With parent : cpwwqrph and Path = /.vglf.htqzfcc.qqvzvw.qldfrhm.czwwzj.cpwwqrph.jvwfwrg
Folder jvwfwrg is size=176717
Folder cpwwqrph is size=176717
Go deep into snl
Looking into snl of size=273660
With parent : czwwzj and Path = /.vglf.htqzfcc.qqvzvw.qldfrhm.czwwzj.snl
Go deep into btngcvt
Looking into btngcvt of size=172859
With parent : snl and Path = /.vglf.htqzfcc.qqvzvw.qldfrhm.czwwzj.snl.btngcvt
Go deep into tgcqmbrn
Looking into tgcqmbrn of size=149905
With parent : btngcvt and Path = /.vglf.htqzfcc.qqvzvw.qldfrhm.czwwzj.snl.btngcvt.tgcqmbrn
Folder tgcqmbrn is size=149905
Folder btngcvt is size=322764
Go deep into ffhwwg
Looking into ffhwwg of size=145399
With parent : snl and Path = /.vglf.htqzfcc.qqvzvw.qldfrhm.czwwzj.snl.ffhwwg
Folder ffhwwg is size=145399
Folder snl is size=741823
Folder czwwzj is size=1022318
Go deep into mjpzgbww
Looking into mjpzgbww of size=204422
With parent : qldfrhm and Path = /.vglf.htqzfcc.qqvzvw.qldfrhm.mjpzgbww
Folder mjpzgbww is size=204422
Go deep into rzqj
Looking into rzqj of size=321863
With parent : qldfrhm and Path = /.vglf.htqzfcc.qqvzvw.qldfrhm.rzqj
Go deep into jmjszd
Looking into jmjszd of size=81971
With parent : rzqj and Path = /.vglf.htqzfcc.qqvzvw.qldfrhm.rzqj.jmjszd
Folder jmjszd is size=81971
Folder rzqj is size=403834
Folder qldfrhm is size=2463904
Go deep into zbmpdwtc
Looking into zbmpdwtc of size=425147
With parent : qqvzvw and Path = /.vglf.htqzfcc.qqvzvw.zbmpdwtc
Folder zbmpdwtc is size=425147
Folder qqvzvw is size=3635989
Go deep into vtf
Looking into vtf of size=2562
With parent : htqzfcc and Path = /.vglf.htqzfcc.vtf
Folder vtf is size=2562
Go deep into wrbwbdt
Looking into wrbwbdt of size=29261
With parent : htqzfcc and Path = /.vglf.htqzfcc.wrbwbdt
Go deep into brzwbmc
Looking into brzwbmc of size=736431
With parent : wrbwbdt and Path = /.vglf.htqzfcc.wrbwbdt.brzwbmc
Go deep into ggh
Looking into ggh of size=18724
With parent : brzwbmc and Path = /.vglf.htqzfcc.wrbwbdt.brzwbmc.ggh
Go deep into cqrmsltg
Looking into cqrmsltg of size=41263
With parent : ggh and Path = /.vglf.htqzfcc.wrbwbdt.brzwbmc.ggh.cqrmsltg
Go deep into ffhwwg
Looking into ffhwwg of size=0
With parent : cqrmsltg and Path = /.vglf.htqzfcc.wrbwbdt.brzwbmc.ggh.cqrmsltg.ffhwwg
Go deep into hlw
Looking into hlw of size=139875
With parent : ffhwwg and Path = /.vglf.htqzfcc.wrbwbdt.brzwbmc.ggh.cqrmsltg.ffhwwg.hlw
Folder hlw is size=139875
Folder ffhwwg is size=139875
Go deep into jvwfwrg
Looking into jvwfwrg of size=141078
With parent : cqrmsltg and Path = /.vglf.htqzfcc.wrbwbdt.brzwbmc.ggh.cqrmsltg.jvwfwrg
Folder jvwfwrg is size=141078
Go deep into tcjr
Looking into tcjr of size=473845
With parent : cqrmsltg and Path = /.vglf.htqzfcc.wrbwbdt.brzwbmc.ggh.cqrmsltg.tcjr
Go deep into hnngpdc
Looking into hnngpdc of size=243203
With parent : tcjr and Path = /.vglf.htqzfcc.wrbwbdt.brzwbmc.ggh.cqrmsltg.tcjr.hnngpdc
Folder hnngpdc is size=243203
Folder tcjr is size=717048
Folder cqrmsltg is size=1039264
Folder ggh is size=1057988
Go deep into jwl
Looking into jwl of size=62087
With parent : brzwbmc and Path = /.vglf.htqzfcc.wrbwbdt.brzwbmc.jwl
Folder jwl is size=62087
Go deep into thm
Looking into thm of size=395858
With parent : brzwbmc and Path = /.vglf.htqzfcc.wrbwbdt.brzwbmc.thm
Go deep into jvwfwrg
Looking into jvwfwrg of size=170488
With parent : thm and Path = /.vglf.htqzfcc.wrbwbdt.brzwbmc.thm.jvwfwrg
Go deep into ffhwwg
Looking into ffhwwg of size=258985
With parent : jvwfwrg and Path = /.vglf.htqzfcc.wrbwbdt.brzwbmc.thm.jvwfwrg.ffhwwg
Folder ffhwwg is size=258985
Go deep into jgvf
Looking into jgvf of size=150671
With parent : jvwfwrg and Path = /.vglf.htqzfcc.wrbwbdt.brzwbmc.thm.jvwfwrg.jgvf
Folder jgvf is size=150671
Folder jvwfwrg is size=580144
Folder thm is size=976002
Folder brzwbmc is size=2832508
Folder wrbwbdt is size=2861769
Folder htqzfcc is size=9319261
Go deep into nqf
Looking into nqf of size=0
With parent : vglf and Path = /.vglf.nqf
Go deep into rglrpqd
Looking into rglrpqd of size=500913
With parent : nqf and Path = /.vglf.nqf.rglrpqd
Folder rglrpqd is size=500913
Folder nqf is size=500913
Go deep into tvmqzwmn
Looking into tvmqzwmn of size=703677
With parent : vglf and Path = /.vglf.tvmqzwmn
Folder tvmqzwmn is size=703677
Folder vglf is size=23427191
{'/.fcqv.fhg.jljrdvw': 101940, '/.fcqv.fhg': 101940, '/.fcqv.thbb': 752508, '/.fcqv': 1400951, 'fcqv': 1400951, '/.fcv.ffhwwg.hlqf': 30443, '/.fcv.ffhwwg': 30443, '/.fcv.vcqsrw.bzlnsjmv': 272548, '/.fcv.vcqsrw.rvbtnz': 165670, '/.fcv.vcqsrw': 918045, '/.fcv.znzpm.mjwnsw': 219638, '/.fcv.znzpm': 219638, '/.fcv': 1978542, 'fcv': 1978542, '/.jvwfwrg.ffhwwg': 356258, '/.jvwfwrg.hzjpg.ddrwfq': 11756, '/.jvwfwrg.hzjpg.mqwww': 149750, '/.jvwfwrg.hzjpg.wctwz': 277720, '/.jvwfwrg.hzjpg.wlrmbtdg.hgdjv.hlw': 229687, '/.jvwfwrg.hzjpg.wlrmbtdg.hgdjv': 229687, '/.jvwfwrg.hzjpg.wlrmbtdg.qldfrhm': 254189, '/.jvwfwrg.hzjpg.wlrmbtdg': 807854, '/.jvwfwrg.hzjpg': 1992008, '/.jvwfwrg.jwl.ghgf': 181540, '/.jvwfwrg.jwl.gqlmq.ffhwwg': 264524, '/.jvwfwrg.jwl.gqlmq.jwl.zjv': 102693, '/.jvwfwrg.jwl.gqlmq.jwl': 282619, '/.jvwfwrg.jwl.gqlmq.pqdqntr': 159376, '/.jvwfwrg.jwl.gqlmq': 1053089, '/.jvwfwrg.jwl.mjm': 590544, '/.jvwfwrg.jwl.qgq.dgq.ffhwwg': 541118, '/.jvwfwrg.jwl.qgq.dgq': 904158, '/.jvwfwrg.jwl.qgq.hlw': 244567, '/.jvwfwrg.jwl.qgq.jwl': 105997, '/.jvwfwrg.jwl.qgq': 2111823, '/.jvwfwrg.jwl': 4378649, '/.jvwfwrg.nmz': 180419, '/.jvwfwrg.tdjtv.jvwfwrg': 35406, '/.jvwfwrg.tdjtv.mdmwf.ffhwwg': 117473, '/.jvwfwrg.tdjtv.mdmwf': 338803, '/.jvwfwrg.tdjtv.rlpbrq': 571229, '/.jvwfwrg.tdjtv': 945438, '/.jvwfwrg.wdn.gqmghw.tlgbcrh': 281457, '/.jvwfwrg.wdn.gqmghw': 281457, '/.jvwfwrg.wdn.ztqbhjr.nbhq': 329280, '/.jvwfwrg.wdn.ztqbhjr.vfmmj': 97774, '/.jvwfwrg.wdn.ztqbhjr': 958345, '/.jvwfwrg.wdn': 2023703, '/.jvwfwrg': 10161796, 'jvwfwrg': 10161796, '/.tzwpllhq.jwv.bgswd.hdgt': 70441, '/.tzwpllhq.jwv.bgswd': 287407, '/.tzwpllhq.jwv.jvwfwrg.mctsws': 257337, '/.tzwpllhq.jwv.jvwfwrg': 326711, '/.tzwpllhq.jwv.jwl': 161061, '/.tzwpllhq.jwv.mbcb.fbhhq.vnn': 55629, '/.tzwpllhq.jwv.mbcb.fbhhq': 55629, '/.tzwpllhq.jwv.mbcb.rgjwh': 7826, '/.tzwpllhq.jwv.mbcb': 63455, '/.tzwpllhq.jwv.qldfrhm': 188516, '/.tzwpllhq.jwv': 1439695, '/.tzwpllhq.qldfrhm.ffhwwg': 218749, '/.tzwpllhq.qldfrhm.jwl.nsvjcpc': 43660, '/.tzwpllhq.qldfrhm.jwl.nwdvblg.cltj': 446213, '/.tzwpllhq.qldfrhm.jwl.nwdvblg.fds': 417906, '/.tzwpllhq.qldfrhm.jwl.nwdvblg': 864119, '/.tzwpllhq.qldfrhm.jwl.qqmb': 139542, '/.tzwpllhq.qldfrhm.jwl': 1972044, '/.tzwpllhq.qldfrhm.tbngqwb.jwl': 45969, '/.tzwpllhq.qldfrhm.tbngqwb': 396406, '/.tzwpllhq.qldfrhm': 3106371, '/.tzwpllhq.swmwvl.gsj.fpzj': 83665, '/.tzwpllhq.swmwvl.gsj': 235867, '/.tzwpllhq.swmwvl': 444930, '/.tzwpllhq.wzpth.snhss.hlw': 15123, '/.tzwpllhq.wzpth.snhss': 15123, '/.tzwpllhq.wzpth': 15123, '/.tzwpllhq': 5370216, 'tzwpllhq': 5370216, '/.vglf.gdjmt': 214742, '/.vglf.hnnw.ffhwwg.dsqwrdnq': 129823, '/.vglf.hnnw.ffhwwg': 390981, '/.vglf.hnnw.jwl.bzq': 199534, '/.vglf.hnnw.jwl.jjmndb.cbfdqtc': 484200, '/.vglf.hnnw.jwl.jjmndb.gnjlnz': 217994, '/.vglf.hnnw.jwl.jjmndb.hlw.chgwjl': 284909, '/.vglf.hnnw.jwl.jjmndb.hlw.dsz': 47411, '/.vglf.hnnw.jwl.jjmndb.hlw.ttr.fgbgl': 203288, '/.vglf.hnnw.jwl.jjmndb.hlw.ttr.qsflswrq': 365950, '/.vglf.hnnw.jwl.jjmndb.hlw.ttr': 825158, '/.vglf.hnnw.jwl.jjmndb.hlw': 1707306, '/.vglf.hnnw.jwl.jjmndb.lzlwstch.ffhwwg': 51165, '/.vglf.hnnw.jwl.jjmndb.lzlwstch.hwmzp': 54571, '/.vglf.hnnw.jwl.jjmndb.lzlwstch.jvwfwrg': 130055, '/.vglf.hnnw.jwl.jjmndb.lzlwstch.ndpbn': 160215, '/.vglf.hnnw.jwl.jjmndb.lzlwstch.qllzhd': 204151, '/.vglf.hnnw.jwl.jjmndb.lzlwstch': 600157, '/.vglf.hnnw.jwl.jjmndb.qldfrhm.bwcg': 181254, '/.vglf.hnnw.jwl.jjmndb.qldfrhm.ffhwwg.ffhwwg': 178372, '/.vglf.hnnw.jwl.jjmndb.qldfrhm.ffhwwg.qldfrhm.stpvb': 221672, '/.vglf.hnnw.jwl.jjmndb.qldfrhm.ffhwwg.qldfrhm.zldj.jwl': 130858, '/.vglf.hnnw.jwl.jjmndb.qldfrhm.ffhwwg.qldfrhm.zldj': 130858, '/.vglf.hnnw.jwl.jjmndb.qldfrhm.ffhwwg.qldfrhm': 1209920, '/.vglf.hnnw.jwl.jjmndb.qldfrhm.ffhwwg': 2243173, '/.vglf.hnnw.jwl.jjmndb.qldfrhm': 2424427, '/.vglf.hnnw.jwl.jjmndb.ssh.jvwfwrg': 212356, '/.vglf.hnnw.jwl.jjmndb.ssh': 348914, '/.vglf.hnnw.jwl.jjmndb.tbdhtqn.rmrwm': 118846, '/.vglf.hnnw.jwl.jjmndb.tbdhtqn': 391437, '/.vglf.hnnw.jwl.jjmndb': 7086475, '/.vglf.hnnw.jwl.pjzqjbd': 348414, '/.vglf.hnnw.jwl.pmslv': 82637, '/.vglf.hnnw.jwl.smfg.gfbpcr': 23958, '/.vglf.hnnw.jwl.smfg.sghtlzqv': 889826, '/.vglf.hnnw.jwl.smfg': 913784, '/.vglf.hnnw.jwl.wmjjwh': 356823, '/.vglf.hnnw.jwl': 9203495, '/.vglf.hnnw.shdt.mrgppm.ghzhzzp.bqplqq': 234131, '/.vglf.hnnw.shdt.mrgppm.ghzhzzp.vtqgwsj': 260109, '/.vglf.hnnw.shdt.mrgppm.ghzhzzp': 494240, '/.vglf.hnnw.shdt.mrgppm.jwl': 112258, '/.vglf.hnnw.shdt.mrgppm.tgpm.hlw': 70960, '/.vglf.hnnw.shdt.mrgppm.tgpm': 238748, '/.vglf.hnnw.shdt.mrgppm': 845246, '/.vglf.hnnw.shdt.mwvgmjmb': 142087, '/.vglf.hnnw.shdt.nsbrbcq.hljjp': 125853, '/.vglf.hnnw.shdt.nsbrbcq': 125853, '/.vglf.hnnw.shdt': 1928944, '/.vglf.hnnw': 12229486, '/.vglf.htqzfcc.cqs': 268481, '/.vglf.htqzfcc.dsnpcnv': 115805, '/.vglf.htqzfcc.ffhwwg.qldfrhm.rsztzjcm.jhdcdm': 212461, '/.vglf.htqzfcc.ffhwwg.qldfrhm.rsztzjcm': 879834, '/.vglf.htqzfcc.ffhwwg.qldfrhm': 1525901, '/.vglf.htqzfcc.ffhwwg.wjj': 252863, '/.vglf.htqzfcc.ffhwwg': 1778764, '/.vglf.htqzfcc.mftm': 278389, '/.vglf.htqzfcc.mmgn': 28122, '/.vglf.htqzfcc.qqvzvw.mjw.cvn': 146142, '/.vglf.htqzfcc.qqvzvw.mjw.dlgzc': 130120, '/.vglf.htqzfcc.qqvzvw.mjw': 746938, '/.vglf.htqzfcc.qqvzvw.qldfrhm.czwwzj.cpwwqrph.jvwfwrg': 176717, '/.vglf.htqzfcc.qqvzvw.qldfrhm.czwwzj.cpwwqrph': 176717, '/.vglf.htqzfcc.qqvzvw.qldfrhm.czwwzj.snl.btngcvt.tgcqmbrn': 149905, '/.vglf.htqzfcc.qqvzvw.qldfrhm.czwwzj.snl.btngcvt': 322764, '/.vglf.htqzfcc.qqvzvw.qldfrhm.czwwzj.snl.ffhwwg': 145399, '/.vglf.htqzfcc.qqvzvw.qldfrhm.czwwzj.snl': 741823, '/.vglf.htqzfcc.qqvzvw.qldfrhm.czwwzj': 1022318, '/.vglf.htqzfcc.qqvzvw.qldfrhm.mjpzgbww': 204422, '/.vglf.htqzfcc.qqvzvw.qldfrhm.rzqj.jmjszd': 81971, '/.vglf.htqzfcc.qqvzvw.qldfrhm.rzqj': 403834, '/.vglf.htqzfcc.qqvzvw.qldfrhm': 2463904, '/.vglf.htqzfcc.qqvzvw.zbmpdwtc': 425147, '/.vglf.htqzfcc.qqvzvw': 3635989, '/.vglf.htqzfcc.vtf': 2562, '/.vglf.htqzfcc.wrbwbdt.brzwbmc.ggh.cqrmsltg.ffhwwg.hlw': 139875, '/.vglf.htqzfcc.wrbwbdt.brzwbmc.ggh.cqrmsltg.ffhwwg': 139875, '/.vglf.htqzfcc.wrbwbdt.brzwbmc.ggh.cqrmsltg.jvwfwrg': 141078, '/.vglf.htqzfcc.wrbwbdt.brzwbmc.ggh.cqrmsltg.tcjr.hnngpdc': 243203, '/.vglf.htqzfcc.wrbwbdt.brzwbmc.ggh.cqrmsltg.tcjr': 717048, '/.vglf.htqzfcc.wrbwbdt.brzwbmc.ggh.cqrmsltg': 1039264, '/.vglf.htqzfcc.wrbwbdt.brzwbmc.ggh': 1057988, '/.vglf.htqzfcc.wrbwbdt.brzwbmc.jwl': 62087, '/.vglf.htqzfcc.wrbwbdt.brzwbmc.thm.jvwfwrg.ffhwwg': 258985, '/.vglf.htqzfcc.wrbwbdt.brzwbmc.thm.jvwfwrg.jgvf': 150671, '/.vglf.htqzfcc.wrbwbdt.brzwbmc.thm.jvwfwrg': 580144, '/.vglf.htqzfcc.wrbwbdt.brzwbmc.thm': 976002, '/.vglf.htqzfcc.wrbwbdt.brzwbmc': 2832508, '/.vglf.htqzfcc.wrbwbdt': 2861769, '/.vglf.htqzfcc': 9319261, '/.vglf.nqf.rglrpqd': 500913, '/.vglf.nqf': 500913, '/.vglf.tvmqzwmn': 703677, '/.vglf': 23427191, 'vglf': 23427191}
Sum for folders <= 100000 is 1182909
Directories number = 175
